[0.020s] Invoking command in '/home/abc/ws01_plumbing/build/cpp01_topic': CMAKE_PREFIX_PATH=/home/abc/ws01_plumbing/install/base_interface:/home/abc/ws01_plumbing/install/cpp01_topic:/home/abc/ws01_plumbing/install/py01_topic:/opt/ros/galactic /usr/bin/cmake /home/abc/ws01_plumbing/src/cpp01_topic -DAMENT_CMAKE_SYMLINK_INSTALL=1 -DCMAKE_INSTALL_PREFIX=/home/abc/ws01_plumbing/install/cpp01_topic
[0.035s] -- Found ament_cmake: 1.1.6 (/opt/ros/galactic/share/ament_cmake/cmake)
[0.062s] -- Using PYTHON_EXECUTABLE: /usr/bin/python3
[0.112s] -- Override CMake install command with custom implementation using symlinks instead of copying resources
[0.125s] -- Found rclcpp: 9.2.2 (/opt/ros/galactic/share/rclcpp/cmake)
[0.155s] -- Using all available rosidl_typesupport_c: rosidl_typesupport_fastrtps_c;rosidl_typesupport_introspection_c
[0.157s] -- Found rosidl_adapter: 2.2.3 (/opt/ros/galactic/share/rosidl_adapter/cmake)
[0.287s] -- Using all available rosidl_typesupport_cpp: rosidl_typesupport_fastrtps_cpp;rosidl_typesupport_introspection_cpp
[0.335s] -- Found rmw_implementation_cmake: 3.3.1 (/opt/ros/galactic/share/rmw_implementation_cmake/cmake)
[0.336s] -- Found rmw_cyclonedds_cpp: 0.22.6 (/opt/ros/galactic/share/rmw_cyclonedds_cpp/cmake)
[0.352s] -- Using RMW implementation 'rmw_cyclonedds_cpp' as default
[0.479s] -- Found base_interface: 0.0.0 (/home/abc/ws01_plumbing/install/base_interface/share/base_interface/cmake)
[0.480s] -- Found ament_lint_auto: 0.10.7 (/opt/ros/galactic/share/ament_lint_auto/cmake)
[0.551s] -- Added test 'copyright' to check source files copyright and LICENSE
[0.551s] -- Added test 'cppcheck' to perform static code analysis on C / C++ code
[0.552s] -- Configured cppcheck include dirs: 
[0.552s] -- Configured cppcheck exclude dirs and/or files: 
[0.552s] -- Added test 'cpplint' to check C / C++ code against the Google style
[0.552s] -- Configured cpplint exclude dirs and/or files: 
[0.552s] -- Added test 'lint_cmake' to check CMake code style
[0.553s] -- Added test 'uncrustify' to check C / C++ code style
[0.553s] -- Configured uncrustify additional arguments: 
[0.553s] -- Added test 'xmllint' to check XML markup files
[0.555s] -- Configuring done
[0.561s] -- Generating done
[0.562s] -- Build files have been written to: /home/abc/ws01_plumbing/build/cpp01_topic
[0.568s] Invoked command in '/home/abc/ws01_plumbing/build/cpp01_topic' returned '0': CMAKE_PREFIX_PATH=/home/abc/ws01_plumbing/install/base_interface:/home/abc/ws01_plumbing/install/cpp01_topic:/home/abc/ws01_plumbing/install/py01_topic:/opt/ros/galactic /usr/bin/cmake /home/abc/ws01_plumbing/src/cpp01_topic -DAMENT_CMAKE_SYMLINK_INSTALL=1 -DCMAKE_INSTALL_PREFIX=/home/abc/ws01_plumbing/install/cpp01_topic
[0.572s] Invoking command in '/home/abc/ws01_plumbing/build/cpp01_topic': CMAKE_PREFIX_PATH=/home/abc/ws01_plumbing/install/base_interface:/home/abc/ws01_plumbing/install/cpp01_topic:/home/abc/ws01_plumbing/install/py01_topic:/opt/ros/galactic /usr/bin/cmake --build /home/abc/ws01_plumbing/build/cpp01_topic -- -j12 -l12
[0.630s] [35m[1mScanning dependencies of target talker_str_cpp[0m
[0.646s] [ 50%] [32mBuilding CXX object CMakeFiles/talker_str_cpp.dir/src/talker_str_cpp.cpp.o[0m
[0.679s] [100%] [32m[1mLinking CXX executable talker_str_cpp[0m
[0.725s] /usr/bin/ld: /usr/lib/gcc/x86_64-linux-gnu/9/../../../x86_64-linux-gnu/Scrt1.o: in function `_start':
[0.725s] (.text+0x24): undefined reference to `main'
[0.725s] collect2: error: ld returned 1 exit status
[0.727s] make[2]: *** [CMakeFiles/talker_str_cpp.dir/build.make:132：talker_str_cpp] 错误 1
[0.727s] make[1]: *** [CMakeFiles/Makefile2:78：CMakeFiles/talker_str_cpp.dir/all] 错误 2
[0.728s] make: *** [Makefile:141：all] 错误 2
[0.730s] Invoked command in '/home/abc/ws01_plumbing/build/cpp01_topic' returned '2': CMAKE_PREFIX_PATH=/home/abc/ws01_plumbing/install/base_interface:/home/abc/ws01_plumbing/install/cpp01_topic:/home/abc/ws01_plumbing/install/py01_topic:/opt/ros/galactic /usr/bin/cmake --build /home/abc/ws01_plumbing/build/cpp01_topic -- -j12 -l12
