[0.023s] Invoking command in '/home/abc/ws01_plumbing/build/cpp01_topic': AMENT_PREFIX_PATH=/home/abc/ws01_plumbing/install/base_interface:${AMENT_PREFIX_PATH} CMAKE_PREFIX_PATH=/home/abc/ws01_plumbing/install/base_interface:/opt/ros/galactic /usr/bin/cmake --build /home/abc/ws01_plumbing/build/cpp01_topic -- -j12 -l12
[0.062s] -- Found ament_cmake: 1.1.6 (/opt/ros/galactic/share/ament_cmake/cmake)
[0.092s] -- Using PYTHON_EXECUTABLE: /usr/bin/python3
[0.169s] -- Found rclcpp: 9.2.2 (/opt/ros/galactic/share/rclcpp/cmake)
[0.210s] -- Using all available rosidl_typesupport_c: rosidl_typesupport_fastrtps_c;rosidl_typesupport_introspection_c
[0.214s] -- Found rosidl_adapter: 2.2.3 (/opt/ros/galactic/share/rosidl_adapter/cmake)
[0.333s] -- Using all available rosidl_typesupport_cpp: rosidl_typesupport_fastrtps_cpp;rosidl_typesupport_introspection_cpp
[0.394s] -- Found rmw_implementation_cmake: 3.3.1 (/opt/ros/galactic/share/rmw_implementation_cmake/cmake)
[0.396s] -- Found rmw_cyclonedds_cpp: 0.22.6 (/opt/ros/galactic/share/rmw_cyclonedds_cpp/cmake)
[0.416s] -- Using RMW implementation 'rmw_cyclonedds_cpp' as default
[0.558s] -- Found base_interface: 0.0.0 (/home/abc/ws01_plumbing/install/base_interface/share/base_interface/cmake)
[0.560s] -- Found ament_lint_auto: 0.10.7 (/opt/ros/galactic/share/ament_lint_auto/cmake)
[0.621s] -- Added test 'copyright' to check source files copyright and LICENSE
[0.622s] -- Added test 'cppcheck' to perform static code analysis on C / C++ code
[0.622s] -- Configured cppcheck include dirs: 
[0.622s] -- Configured cppcheck exclude dirs and/or files: 
[0.623s] -- Added test 'cpplint' to check C / C++ code against the Google style
[0.623s] -- Configured cpplint exclude dirs and/or files: 
[0.623s] -- Added test 'lint_cmake' to check CMake code style
[0.624s] -- Added test 'uncrustify' to check C / C++ code style
[0.625s] -- Configured uncrustify additional arguments: 
[0.625s] -- Added test 'xmllint' to check XML markup files
[0.628s] -- Configuring done
[0.645s] -- Generating done
[0.646s] -- Build files have been written to: /home/abc/ws01_plumbing/build/cpp01_topic
[0.677s] [35m[1mScanning dependencies of target listener_str_cpp[0m
[0.679s] [35m[1mScanning dependencies of target talker_str_cpp[0m
[0.706s] [ 25%] [32mBuilding CXX object CMakeFiles/talker_str_cpp.dir/src/talker_str_cpp.cpp.o[0m
[0.719s] [ 50%] [32mBuilding CXX object CMakeFiles/listener_str_cpp.dir/src/listener_str_cpp.cpp.o[0m
[2.856s] [ 75%] [32m[1mLinking CXX executable listener_str_cpp[0m
[3.036s] [ 75%] Built target listener_str_cpp
[4.009s] [100%] [32m[1mLinking CXX executable talker_str_cpp[0m
[4.176s] [100%] Built target talker_str_cpp
[4.192s] Invoked command in '/home/abc/ws01_plumbing/build/cpp01_topic' returned '0': AMENT_PREFIX_PATH=/home/abc/ws01_plumbing/install/base_interface:${AMENT_PREFIX_PATH} CMAKE_PREFIX_PATH=/home/abc/ws01_plumbing/install/base_interface:/opt/ros/galactic /usr/bin/cmake --build /home/abc/ws01_plumbing/build/cpp01_topic -- -j12 -l12
[4.249s] Invoking command in '/home/abc/ws01_plumbing/build/cpp01_topic': AMENT_PREFIX_PATH=/home/abc/ws01_plumbing/install/base_interface:${AMENT_PREFIX_PATH} CMAKE_PREFIX_PATH=/home/abc/ws01_plumbing/install/base_interface:/opt/ros/galactic /usr/bin/cmake --install /home/abc/ws01_plumbing/build/cpp01_topic
[4.260s] -- Install configuration: ""
[4.260s] -- Installing: /home/abc/ws01_plumbing/install/cpp01_topic/lib/cpp01_topic/talker_str_cpp
[4.260s] -- Set runtime path of "/home/abc/ws01_plumbing/install/cpp01_topic/lib/cpp01_topic/talker_str_cpp" to ""
[4.261s] -- Installing: /home/abc/ws01_plumbing/install/cpp01_topic/lib/cpp01_topic/listener_str_cpp
[4.261s] -- Set runtime path of "/home/abc/ws01_plumbing/install/cpp01_topic/lib/cpp01_topic/listener_str_cpp" to ""
[4.261s] -- Up-to-date: /home/abc/ws01_plumbing/install/cpp01_topic/share/ament_index/resource_index/package_run_dependencies/cpp01_topic
[4.262s] -- Up-to-date: /home/abc/ws01_plumbing/install/cpp01_topic/share/ament_index/resource_index/parent_prefix_path/cpp01_topic
[4.262s] -- Installing: /home/abc/ws01_plumbing/install/cpp01_topic/share/cpp01_topic/environment/ament_prefix_path.sh
[4.262s] -- Installing: /home/abc/ws01_plumbing/install/cpp01_topic/share/cpp01_topic/environment/ament_prefix_path.dsv
[4.262s] -- Installing: /home/abc/ws01_plumbing/install/cpp01_topic/share/cpp01_topic/environment/path.sh
[4.262s] -- Installing: /home/abc/ws01_plumbing/install/cpp01_topic/share/cpp01_topic/environment/path.dsv
[4.262s] -- Up-to-date: /home/abc/ws01_plumbing/install/cpp01_topic/share/cpp01_topic/local_setup.bash
[4.262s] -- Up-to-date: /home/abc/ws01_plumbing/install/cpp01_topic/share/cpp01_topic/local_setup.sh
[4.262s] -- Up-to-date: /home/abc/ws01_plumbing/install/cpp01_topic/share/cpp01_topic/local_setup.zsh
[4.263s] -- Installing: /home/abc/ws01_plumbing/install/cpp01_topic/share/cpp01_topic/local_setup.dsv
[4.263s] -- Installing: /home/abc/ws01_plumbing/install/cpp01_topic/share/cpp01_topic/package.dsv
[4.265s] -- Up-to-date: /home/abc/ws01_plumbing/install/cpp01_topic/share/ament_index/resource_index/packages/cpp01_topic
[4.265s] -- Up-to-date: /home/abc/ws01_plumbing/install/cpp01_topic/share/cpp01_topic/cmake/cpp01_topicConfig.cmake
[4.267s] -- Up-to-date: /home/abc/ws01_plumbing/install/cpp01_topic/share/cpp01_topic/cmake/cpp01_topicConfig-version.cmake
[4.268s] -- Installing: /home/abc/ws01_plumbing/install/cpp01_topic/share/cpp01_topic/package.xml
[4.268s] Invoked command in '/home/abc/ws01_plumbing/build/cpp01_topic' returned '0': AMENT_PREFIX_PATH=/home/abc/ws01_plumbing/install/base_interface:${AMENT_PREFIX_PATH} CMAKE_PREFIX_PATH=/home/abc/ws01_plumbing/install/base_interface:/opt/ros/galactic /usr/bin/cmake --install /home/abc/ws01_plumbing/build/cpp01_topic
