[0.014s] Invoking command in '/home/abc/ws01_plumbing/build/base_interface': /usr/bin/cmake /home/abc/ws01_plumbing/src/base_interface -DCMAKE_INSTALL_PREFIX=/home/abc/ws01_plumbing/install/base_interface
[0.104s] -- The C compiler identification is GNU 9.4.0
[0.183s] -- The CXX compiler identification is GNU 9.4.0
[0.189s] -- Check for working C compiler: /usr/bin/cc
[0.272s] -- Check for working C compiler: /usr/bin/cc -- works
[0.275s] -- Detecting C compiler ABI info
[0.363s] -- Detecting C compiler ABI info - done
[0.380s] -- Detecting C compile features
[0.380s] -- Detecting C compile features - done
[0.383s] -- Check for working CXX compiler: /usr/bin/c++
[0.463s] -- Check for working CXX compiler: /usr/bin/c++ -- works
[0.465s] -- Detecting CXX compiler ABI info
[0.558s] -- Detecting CXX compiler ABI info - done
[0.572s] -- Detecting CXX compile features
[0.572s] -- Detecting CXX compile features - done
[0.582s] CMake Error at CMakeLists.txt:9 (find_package):
[0.582s]   By not providing "Findament_cmake.cmake" in CMAKE_MODULE_PATH this project
[0.582s]   has asked CMake to find a package configuration file provided by
[0.582s]   "ament_cmake", but CMake did not find one.
[0.583s] 
[0.583s]   Could not find a package configuration file provided by "ament_cmake" with
[0.583s]   any of the following names:
[0.583s] 
[0.583s]     ament_cmakeConfig.cmake
[0.583s]     ament_cmake-config.cmake
[0.583s] 
[0.584s]   Add the installation prefix of "ament_cmake" to CMAKE_PREFIX_PATH or set
[0.584s]   "ament_cmake_DIR" to a directory containing one of the above files.  If
[0.584s]   "ament_cmake" provides a separate development package or SDK, be sure it
[0.585s]   has been installed.
[0.585s] 
[0.585s] 
[0.587s] -- Configuring incomplete, errors occurred!
[0.588s] See also "/home/abc/ws01_plumbing/build/base_interface/CMakeFiles/CMakeOutput.log".
[0.588s] Invoked command in '/home/abc/ws01_plumbing/build/base_interface' returned '1': /usr/bin/cmake /home/abc/ws01_plumbing/src/base_interface -DCMAKE_INSTALL_PREFIX=/home/abc/ws01_plumbing/install/base_interface
