running develop
Removing /home/abc/ws01_plumbing/install/py01_topic/lib/python3.8/site-packages/py01-topic.egg-link (link to .)
running egg_info
writing ../../build/py01_topic/py01_topic.egg-info/PKG-INFO
writing dependency_links to ../../build/py01_topic/py01_topic.egg-info/dependency_links.txt
writing entry points to ../../build/py01_topic/py01_topic.egg-info/entry_points.txt
writing requirements to ../../build/py01_topic/py01_topic.egg-info/requires.txt
writing top-level names to ../../build/py01_topic/py01_topic.egg-info/top_level.txt
reading manifest file '../../build/py01_topic/py01_topic.egg-info/SOURCES.txt'
writing manifest file '../../build/py01_topic/py01_topic.egg-info/SOURCES.txt'
running build
running build_py
copying py01_topic/talker_str_py.py -> /home/abc/ws01_plumbing/build/py01_topic/build/lib/py01_topic
running install
running install_lib
creating /home/abc/ws01_plumbing/install/py01_topic/lib/python3.8/site-packages/py01_topic
copying /home/abc/ws01_plumbing/build/py01_topic/build/lib/py01_topic/__init__.py -> /home/abc/ws01_plumbing/install/py01_topic/lib/python3.8/site-packages/py01_topic
copying /home/abc/ws01_plumbing/build/py01_topic/build/lib/py01_topic/talker_str_py.py -> /home/abc/ws01_plumbing/install/py01_topic/lib/python3.8/site-packages/py01_topic
byte-compiling /home/abc/ws01_plumbing/install/py01_topic/lib/python3.8/site-packages/py01_topic/__init__.py to __init__.cpython-38.pyc
byte-compiling /home/abc/ws01_plumbing/install/py01_topic/lib/python3.8/site-packages/py01_topic/talker_str_py.py to talker_str_py.cpython-38.pyc
running install_data
running install_egg_info
Copying ../../build/py01_topic/py01_topic.egg-info to /home/abc/ws01_plumbing/install/py01_topic/lib/python3.8/site-packages/py01_topic-0.0.0-py3.8.egg-info
running install_scripts
Installing talker_str_py script to /home/abc/ws01_plumbing/install/py01_topic/lib/py01_topic
writing list of installed files to '/home/abc/ws01_plumbing/build/py01_topic/install.log'
