[0.571s] Invoking command in '/home/abc/ws01_plumbing/build/py01_topic': CMAKE_PREFIX_PATH=/home/abc/ws01_plumbing/install/base_interface:/home/abc/ws01_plumbing/install/cpp01_topic PYTHONPATH=/home/abc/ws01_plumbing/build/py01_topic/prefix_override:/home/abc/ws01_plumbing/install/py01_topic/lib/python3.8/site-packages:${PYTHONPATH} /usr/bin/python3 setup.py develop --uninstall --editable --build-directory /home/abc/ws01_plumbing/build/py01_topic/build
[0.760s] running develop
[0.875s] Removing /home/abc/ws01_plumbing/install/py01_topic/lib/python3.8/site-packages/py01-topic.egg-link (link to .)
[0.897s] Invoked command in '/home/abc/ws01_plumbing/build/py01_topic' returned '0': CMAKE_PREFIX_PATH=/home/abc/ws01_plumbing/install/base_interface:/home/abc/ws01_plumbing/install/cpp01_topic PYTHONPATH=/home/abc/ws01_plumbing/build/py01_topic/prefix_override:/home/abc/ws01_plumbing/install/py01_topic/lib/python3.8/site-packages:${PYTHONPATH} /usr/bin/python3 setup.py develop --uninstall --editable --build-directory /home/abc/ws01_plumbing/build/py01_topic/build
[0.901s] Invoking command in '/home/abc/ws01_plumbing/src/py01_topic': CMAKE_PREFIX_PATH=/home/abc/ws01_plumbing/install/base_interface:/home/abc/ws01_plumbing/install/cpp01_topic PYTHONPATH=/home/abc/ws01_plumbing/build/py01_topic/prefix_override:/home/abc/ws01_plumbing/install/py01_topic/lib/python3.8/site-packages:${PYTHONPATH} /usr/bin/python3 setup.py egg_info --egg-base ../../build/py01_topic build --build-base /home/abc/ws01_plumbing/build/py01_topic/build install --record /home/abc/ws01_plumbing/build/py01_topic/install.log --single-version-externally-managed
[1.081s] running egg_info
[1.081s] writing ../../build/py01_topic/py01_topic.egg-info/PKG-INFO
[1.081s] writing dependency_links to ../../build/py01_topic/py01_topic.egg-info/dependency_links.txt
[1.082s] writing entry points to ../../build/py01_topic/py01_topic.egg-info/entry_points.txt
[1.082s] writing requirements to ../../build/py01_topic/py01_topic.egg-info/requires.txt
[1.082s] writing top-level names to ../../build/py01_topic/py01_topic.egg-info/top_level.txt
[1.109s] reading manifest file '../../build/py01_topic/py01_topic.egg-info/SOURCES.txt'
[1.110s] writing manifest file '../../build/py01_topic/py01_topic.egg-info/SOURCES.txt'
[1.110s] running build
[1.110s] running build_py
[1.110s] copying py01_topic/talker_str_py.py -> /home/abc/ws01_plumbing/build/py01_topic/build/lib/py01_topic
[1.110s] running install
[1.111s] running install_lib
[1.111s] creating /home/abc/ws01_plumbing/install/py01_topic/lib/python3.8/site-packages/py01_topic
[1.112s] copying /home/abc/ws01_plumbing/build/py01_topic/build/lib/py01_topic/__init__.py -> /home/abc/ws01_plumbing/install/py01_topic/lib/python3.8/site-packages/py01_topic
[1.112s] copying /home/abc/ws01_plumbing/build/py01_topic/build/lib/py01_topic/talker_str_py.py -> /home/abc/ws01_plumbing/install/py01_topic/lib/python3.8/site-packages/py01_topic
[1.112s] byte-compiling /home/abc/ws01_plumbing/install/py01_topic/lib/python3.8/site-packages/py01_topic/__init__.py to __init__.cpython-38.pyc
[1.113s] byte-compiling /home/abc/ws01_plumbing/install/py01_topic/lib/python3.8/site-packages/py01_topic/talker_str_py.py to talker_str_py.cpython-38.pyc
[1.113s] running install_data
[1.113s] running install_egg_info
[1.114s] Copying ../../build/py01_topic/py01_topic.egg-info to /home/abc/ws01_plumbing/install/py01_topic/lib/python3.8/site-packages/py01_topic-0.0.0-py3.8.egg-info
[1.116s] running install_scripts
[1.131s] Installing talker_str_py script to /home/abc/ws01_plumbing/install/py01_topic/lib/py01_topic
[1.131s] writing list of installed files to '/home/abc/ws01_plumbing/build/py01_topic/install.log'
[1.156s] Invoked command in '/home/abc/ws01_plumbing/src/py01_topic' returned '0': CMAKE_PREFIX_PATH=/home/abc/ws01_plumbing/install/base_interface:/home/abc/ws01_plumbing/install/cpp01_topic PYTHONPATH=/home/abc/ws01_plumbing/build/py01_topic/prefix_override:/home/abc/ws01_plumbing/install/py01_topic/lib/python3.8/site-packages:${PYTHONPATH} /usr/bin/python3 setup.py egg_info --egg-base ../../build/py01_topic build --build-base /home/abc/ws01_plumbing/build/py01_topic/build install --record /home/abc/ws01_plumbing/build/py01_topic/install.log --single-version-externally-managed
