[0.618s] Invoking command in '/home/abc/ws01_plumbing/build/py01_topic': AMENT_PREFIX_PATH=/home/abc/ws01_plumbing/install/base_interface:${AMENT_PREFIX_PATH} CMAKE_PREFIX_PATH=/home/abc/ws01_plumbing/install/base_interface PYTHONPATH=/home/abc/ws01_plumbing/build/py01_topic/prefix_override:/home/abc/ws01_plumbing/install/py01_topic/lib/python3.8/site-packages:${PYTHONPATH} /usr/bin/python3 setup.py develop --uninstall --editable --build-directory /home/abc/ws01_plumbing/build/py01_topic/build
[0.812s] running develop
[0.943s] Invoked command in '/home/abc/ws01_plumbing/build/py01_topic' returned '0': AMENT_PREFIX_PATH=/home/abc/ws01_plumbing/install/base_interface:${AMENT_PREFIX_PATH} CMAKE_PREFIX_PATH=/home/abc/ws01_plumbing/install/base_interface PYTHONPATH=/home/abc/ws01_plumbing/build/py01_topic/prefix_override:/home/abc/ws01_plumbing/install/py01_topic/lib/python3.8/site-packages:${PYTHONPATH} /usr/bin/python3 setup.py develop --uninstall --editable --build-directory /home/abc/ws01_plumbing/build/py01_topic/build
[0.945s] Invoking command in '/home/abc/ws01_plumbing/src/py01_topic': AMENT_PREFIX_PATH=/home/abc/ws01_plumbing/install/base_interface:${AMENT_PREFIX_PATH} CMAKE_PREFIX_PATH=/home/abc/ws01_plumbing/install/base_interface PYTHONPATH=/home/abc/ws01_plumbing/build/py01_topic/prefix_override:/home/abc/ws01_plumbing/install/py01_topic/lib/python3.8/site-packages:${PYTHONPATH} /usr/bin/python3 setup.py egg_info --egg-base ../../build/py01_topic build --build-base /home/abc/ws01_plumbing/build/py01_topic/build install --record /home/abc/ws01_plumbing/build/py01_topic/install.log --single-version-externally-managed
[1.116s] running egg_info
[1.117s] writing ../../build/py01_topic/py01_topic.egg-info/PKG-INFO
[1.117s] writing dependency_links to ../../build/py01_topic/py01_topic.egg-info/dependency_links.txt
[1.117s] writing entry points to ../../build/py01_topic/py01_topic.egg-info/entry_points.txt
[1.117s] writing requirements to ../../build/py01_topic/py01_topic.egg-info/requires.txt
[1.117s] writing top-level names to ../../build/py01_topic/py01_topic.egg-info/top_level.txt
[1.155s] reading manifest file '../../build/py01_topic/py01_topic.egg-info/SOURCES.txt'
[1.156s] writing manifest file '../../build/py01_topic/py01_topic.egg-info/SOURCES.txt'
[1.156s] running build
[1.156s] running build_py
[1.156s] copying py01_topic/talker_str_py.py -> /home/abc/ws01_plumbing/build/py01_topic/build/lib/py01_topic
[1.156s] running install
[1.157s] running install_lib
[1.157s] copying /home/abc/ws01_plumbing/build/py01_topic/build/lib/py01_topic/talker_str_py.py -> /home/abc/ws01_plumbing/install/py01_topic/lib/python3.8/site-packages/py01_topic
[1.158s] byte-compiling /home/abc/ws01_plumbing/install/py01_topic/lib/python3.8/site-packages/py01_topic/talker_str_py.py to talker_str_py.cpython-38.pyc
[1.159s] running install_data
[1.159s] running install_egg_info
[1.160s] removing '/home/abc/ws01_plumbing/install/py01_topic/lib/python3.8/site-packages/py01_topic-0.0.0-py3.8.egg-info' (and everything under it)
[1.161s] Copying ../../build/py01_topic/py01_topic.egg-info to /home/abc/ws01_plumbing/install/py01_topic/lib/python3.8/site-packages/py01_topic-0.0.0-py3.8.egg-info
[1.161s] running install_scripts
[1.174s] Installing talker_str_py script to /home/abc/ws01_plumbing/install/py01_topic/lib/py01_topic
[1.175s] writing list of installed files to '/home/abc/ws01_plumbing/build/py01_topic/install.log'
[1.196s] Invoked command in '/home/abc/ws01_plumbing/src/py01_topic' returned '0': AMENT_PREFIX_PATH=/home/abc/ws01_plumbing/install/base_interface:${AMENT_PREFIX_PATH} CMAKE_PREFIX_PATH=/home/abc/ws01_plumbing/install/base_interface PYTHONPATH=/home/abc/ws01_plumbing/build/py01_topic/prefix_override:/home/abc/ws01_plumbing/install/py01_topic/lib/python3.8/site-packages:${PYTHONPATH} /usr/bin/python3 setup.py egg_info --egg-base ../../build/py01_topic build --build-base /home/abc/ws01_plumbing/build/py01_topic/build install --record /home/abc/ws01_plumbing/build/py01_topic/install.log --single-version-externally-managed
