-- Found ament_cmake: 1.1.6 (/opt/ros/galactic/share/ament_cmake/cmake)
-- Found PythonInterp: /usr/bin/python3 (found suitable version "3.8.10", minimum required is "3") 
-- Using PYTHON_EXECUTABLE: /usr/bin/python3
-- Found ament_lint_auto: 0.10.7 (/opt/ros/galactic/share/ament_lint_auto/cmake)
-- Added test 'copyright' to check source files copyright and LICENSE
-- Added test 'lint_cmake' to check CMake code style
-- Added test 'xmllint' to check XML markup files
-- Configuring done
-- Generating done
-- Build files have been written to: /home/abc/ws01_plumbing/build/base_interface
-- Install configuration: ""
-- Installing: /home/abc/ws01_plumbing/install/base_interface/share/ament_index/resource_index/package_run_dependencies/base_interface
-- Installing: /home/abc/ws01_plumbing/install/base_interface/share/ament_index/resource_index/parent_prefix_path/base_interface
-- Installing: /home/abc/ws01_plumbing/install/base_interface/share/base_interface/environment/ament_prefix_path.sh
-- Installing: /home/abc/ws01_plumbing/install/base_interface/share/base_interface/environment/ament_prefix_path.dsv
-- Installing: /home/abc/ws01_plumbing/install/base_interface/share/base_interface/environment/path.sh
-- Installing: /home/abc/ws01_plumbing/install/base_interface/share/base_interface/environment/path.dsv
-- Installing: /home/abc/ws01_plumbing/install/base_interface/share/base_interface/local_setup.bash
-- Installing: /home/abc/ws01_plumbing/install/base_interface/share/base_interface/local_setup.sh
-- Installing: /home/abc/ws01_plumbing/install/base_interface/share/base_interface/local_setup.zsh
-- Installing: /home/abc/ws01_plumbing/install/base_interface/share/base_interface/local_setup.dsv
-- Installing: /home/abc/ws01_plumbing/install/base_interface/share/base_interface/package.dsv
-- Installing: /home/abc/ws01_plumbing/install/base_interface/share/ament_index/resource_index/packages/base_interface
-- Installing: /home/abc/ws01_plumbing/install/base_interface/share/base_interface/cmake/base_interfaceConfig.cmake
-- Installing: /home/abc/ws01_plumbing/install/base_interface/share/base_interface/cmake/base_interfaceConfig-version.cmake
-- Installing: /home/abc/ws01_plumbing/install/base_interface/share/base_interface/package.xml
