[0.583s] Invoking command in '/home/abc/ws01_plumbing/build/py01_topic': CMAKE_PREFIX_PATH=/home/abc/ws01_plumbing/install/base_interface:/home/abc/ws01_plumbing/install/cpp01_topic PYTHONPATH=/home/abc/ws01_plumbing/build/py01_topic/prefix_override:/home/abc/ws01_plumbing/install/py01_topic/lib/python3.8/site-packages:${PYTHONPATH} /usr/bin/python3 setup.py develop --uninstall --editable --build-directory /home/abc/ws01_plumbing/build/py01_topic/build
[0.768s] running develop
[0.897s] Invoked command in '/home/abc/ws01_plumbing/build/py01_topic' returned '0': CMAKE_PREFIX_PATH=/home/abc/ws01_plumbing/install/base_interface:/home/abc/ws01_plumbing/install/cpp01_topic PYTHONPATH=/home/abc/ws01_plumbing/build/py01_topic/prefix_override:/home/abc/ws01_plumbing/install/py01_topic/lib/python3.8/site-packages:${PYTHONPATH} /usr/bin/python3 setup.py develop --uninstall --editable --build-directory /home/abc/ws01_plumbing/build/py01_topic/build
[0.901s] Invoking command in '/home/abc/ws01_plumbing/src/py01_topic': CMAKE_PREFIX_PATH=/home/abc/ws01_plumbing/install/base_interface:/home/abc/ws01_plumbing/install/cpp01_topic PYTHONPATH=/home/abc/ws01_plumbing/build/py01_topic/prefix_override:/home/abc/ws01_plumbing/install/py01_topic/lib/python3.8/site-packages:${PYTHONPATH} /usr/bin/python3 setup.py egg_info --egg-base ../../build/py01_topic build --build-base /home/abc/ws01_plumbing/build/py01_topic/build install --record /home/abc/ws01_plumbing/build/py01_topic/install.log --single-version-externally-managed
[1.084s] running egg_info
[1.084s] writing ../../build/py01_topic/py01_topic.egg-info/PKG-INFO
[1.085s] writing dependency_links to ../../build/py01_topic/py01_topic.egg-info/dependency_links.txt
[1.085s] writing entry points to ../../build/py01_topic/py01_topic.egg-info/entry_points.txt
[1.085s] writing requirements to ../../build/py01_topic/py01_topic.egg-info/requires.txt
[1.085s] writing top-level names to ../../build/py01_topic/py01_topic.egg-info/top_level.txt
[1.112s] reading manifest file '../../build/py01_topic/py01_topic.egg-info/SOURCES.txt'
[1.113s] writing manifest file '../../build/py01_topic/py01_topic.egg-info/SOURCES.txt'
[1.113s] running build
[1.114s] running build_py
[1.114s] copying py01_topic/listener_str_py.py -> /home/abc/ws01_plumbing/build/py01_topic/build/lib/py01_topic
[1.114s] running install
[1.114s] running install_lib
[1.115s] copying /home/abc/ws01_plumbing/build/py01_topic/build/lib/py01_topic/listener_str_py.py -> /home/abc/ws01_plumbing/install/py01_topic/lib/python3.8/site-packages/py01_topic
[1.116s] byte-compiling /home/abc/ws01_plumbing/install/py01_topic/lib/python3.8/site-packages/py01_topic/listener_str_py.py to listener_str_py.cpython-38.pyc
[1.117s] running install_data
[1.117s] running install_egg_info
[1.118s] removing '/home/abc/ws01_plumbing/install/py01_topic/lib/python3.8/site-packages/py01_topic-0.0.0-py3.8.egg-info' (and everything under it)
[1.119s] Copying ../../build/py01_topic/py01_topic.egg-info to /home/abc/ws01_plumbing/install/py01_topic/lib/python3.8/site-packages/py01_topic-0.0.0-py3.8.egg-info
[1.119s] running install_scripts
[1.133s] Installing listener_str_py script to /home/abc/ws01_plumbing/install/py01_topic/lib/py01_topic
[1.133s] Installing talker_str_py script to /home/abc/ws01_plumbing/install/py01_topic/lib/py01_topic
[1.133s] writing list of installed files to '/home/abc/ws01_plumbing/build/py01_topic/install.log'
[1.160s] Invoked command in '/home/abc/ws01_plumbing/src/py01_topic' returned '0': CMAKE_PREFIX_PATH=/home/abc/ws01_plumbing/install/base_interface:/home/abc/ws01_plumbing/install/cpp01_topic PYTHONPATH=/home/abc/ws01_plumbing/build/py01_topic/prefix_override:/home/abc/ws01_plumbing/install/py01_topic/lib/python3.8/site-packages:${PYTHONPATH} /usr/bin/python3 setup.py egg_info --egg-base ../../build/py01_topic build --build-base /home/abc/ws01_plumbing/build/py01_topic/build install --record /home/abc/ws01_plumbing/build/py01_topic/install.log --single-version-externally-managed
