[35m[1mScanning dependencies of target talker_str_cpp[0m
[ 50%] [32mBuilding CXX object CMakeFiles/talker_str_cpp.dir/src/talker_str_cpp.cpp.o[0m
[100%] [32m[1mLinking CXX executable talker_str_cpp[0m
[100%] Built target talker_str_cpp
-- Install configuration: ""
-- Installing: /home/abc/ws01_plumbing/install/cpp01_topic/lib/cpp01_topic/talker_str_cpp
-- Set runtime path of "/home/abc/ws01_plumbing/install/cpp01_topic/lib/cpp01_topic/talker_str_cpp" to ""
-- Up-to-date: /home/abc/ws01_plumbing/install/cpp01_topic/share/ament_index/resource_index/package_run_dependencies/cpp01_topic
-- Up-to-date: /home/abc/ws01_plumbing/install/cpp01_topic/share/ament_index/resource_index/parent_prefix_path/cpp01_topic
-- Up-to-date: /home/abc/ws01_plumbing/install/cpp01_topic/share/cpp01_topic/environment/ament_prefix_path.sh
-- Up-to-date: /home/abc/ws01_plumbing/install/cpp01_topic/share/cpp01_topic/environment/ament_prefix_path.dsv
-- Up-to-date: /home/abc/ws01_plumbing/install/cpp01_topic/share/cpp01_topic/environment/path.sh
-- Up-to-date: /home/abc/ws01_plumbing/install/cpp01_topic/share/cpp01_topic/environment/path.dsv
-- Up-to-date: /home/abc/ws01_plumbing/install/cpp01_topic/share/cpp01_topic/local_setup.bash
-- Up-to-date: /home/abc/ws01_plumbing/install/cpp01_topic/share/cpp01_topic/local_setup.sh
-- Up-to-date: /home/abc/ws01_plumbing/install/cpp01_topic/share/cpp01_topic/local_setup.zsh
-- Up-to-date: /home/abc/ws01_plumbing/install/cpp01_topic/share/cpp01_topic/local_setup.dsv
-- Installing: /home/abc/ws01_plumbing/install/cpp01_topic/share/cpp01_topic/package.dsv
-- Up-to-date: /home/abc/ws01_plumbing/install/cpp01_topic/share/ament_index/resource_index/packages/cpp01_topic
-- Up-to-date: /home/abc/ws01_plumbing/install/cpp01_topic/share/cpp01_topic/cmake/cpp01_topicConfig.cmake
-- Up-to-date: /home/abc/ws01_plumbing/install/cpp01_topic/share/cpp01_topic/cmake/cpp01_topicConfig-version.cmake
-- Up-to-date: /home/abc/ws01_plumbing/install/cpp01_topic/share/cpp01_topic/package.xml
