[0.021s] Invoking command in '/home/abc/ws01_plumbing/build/cpp01_topic': AMENT_PREFIX_PATH=/home/abc/ws01_plumbing/install/base_interface:${AMENT_PREFIX_PATH} CMAKE_PREFIX_PATH=/home/abc/ws01_plumbing/install/base_interface:/opt/ros/galactic /usr/bin/cmake --build /home/abc/ws01_plumbing/build/cpp01_topic -- -j12 -l12
[0.077s] [35m[1mScanning dependencies of target talker_str_cpp[0m
[0.100s] [ 50%] [32mBuilding CXX object CMakeFiles/talker_str_cpp.dir/src/talker_str_cpp.cpp.o[0m
[3.447s] [100%] [32m[1mLinking CXX executable talker_str_cpp[0m
[3.657s] [100%] Built target talker_str_cpp
[3.671s] Invoked command in '/home/abc/ws01_plumbing/build/cpp01_topic' returned '0': AMENT_PREFIX_PATH=/home/abc/ws01_plumbing/install/base_interface:${AMENT_PREFIX_PATH} CMAKE_PREFIX_PATH=/home/abc/ws01_plumbing/install/base_interface:/opt/ros/galactic /usr/bin/cmake --build /home/abc/ws01_plumbing/build/cpp01_topic -- -j12 -l12
[3.721s] Invoking command in '/home/abc/ws01_plumbing/build/cpp01_topic': AMENT_PREFIX_PATH=/home/abc/ws01_plumbing/install/base_interface:${AMENT_PREFIX_PATH} CMAKE_PREFIX_PATH=/home/abc/ws01_plumbing/install/base_interface:/opt/ros/galactic /usr/bin/cmake --install /home/abc/ws01_plumbing/build/cpp01_topic
[3.727s] -- Install configuration: ""
[3.727s] -- Installing: /home/abc/ws01_plumbing/install/cpp01_topic/lib/cpp01_topic/talker_str_cpp
[3.728s] -- Set runtime path of "/home/abc/ws01_plumbing/install/cpp01_topic/lib/cpp01_topic/talker_str_cpp" to ""
[3.729s] -- Up-to-date: /home/abc/ws01_plumbing/install/cpp01_topic/share/ament_index/resource_index/package_run_dependencies/cpp01_topic
[3.729s] -- Up-to-date: /home/abc/ws01_plumbing/install/cpp01_topic/share/ament_index/resource_index/parent_prefix_path/cpp01_topic
[3.729s] -- Up-to-date: /home/abc/ws01_plumbing/install/cpp01_topic/share/cpp01_topic/environment/ament_prefix_path.sh
[3.729s] -- Up-to-date: /home/abc/ws01_plumbing/install/cpp01_topic/share/cpp01_topic/environment/ament_prefix_path.dsv
[3.729s] -- Up-to-date: /home/abc/ws01_plumbing/install/cpp01_topic/share/cpp01_topic/environment/path.sh
[3.729s] -- Up-to-date: /home/abc/ws01_plumbing/install/cpp01_topic/share/cpp01_topic/environment/path.dsv
[3.729s] -- Up-to-date: /home/abc/ws01_plumbing/install/cpp01_topic/share/cpp01_topic/local_setup.bash
[3.730s] -- Up-to-date: /home/abc/ws01_plumbing/install/cpp01_topic/share/cpp01_topic/local_setup.sh
[3.730s] -- Up-to-date: /home/abc/ws01_plumbing/install/cpp01_topic/share/cpp01_topic/local_setup.zsh
[3.730s] -- Up-to-date: /home/abc/ws01_plumbing/install/cpp01_topic/share/cpp01_topic/local_setup.dsv
[3.730s] -- Installing: /home/abc/ws01_plumbing/install/cpp01_topic/share/cpp01_topic/package.dsv
[3.730s] -- Up-to-date: /home/abc/ws01_plumbing/install/cpp01_topic/share/ament_index/resource_index/packages/cpp01_topic
[3.731s] -- Up-to-date: /home/abc/ws01_plumbing/install/cpp01_topic/share/cpp01_topic/cmake/cpp01_topicConfig.cmake
[3.732s] -- Up-to-date: /home/abc/ws01_plumbing/install/cpp01_topic/share/cpp01_topic/cmake/cpp01_topicConfig-version.cmake
[3.732s] -- Up-to-date: /home/abc/ws01_plumbing/install/cpp01_topic/share/cpp01_topic/package.xml
[3.733s] Invoked command in '/home/abc/ws01_plumbing/build/cpp01_topic' returned '0': AMENT_PREFIX_PATH=/home/abc/ws01_plumbing/install/base_interface:${AMENT_PREFIX_PATH} CMAKE_PREFIX_PATH=/home/abc/ws01_plumbing/install/base_interface:/opt/ros/galactic /usr/bin/cmake --install /home/abc/ws01_plumbing/build/cpp01_topic
