[0.019s] Invoking command in '/home/abc/ws01_plumbing/build/cpp01_topic': AMENT_PREFIX_PATH=/home/abc/ws01_plumbing/install/base_interface:${AMENT_PREFIX_PATH} CMAKE_PREFIX_PATH=/home/abc/ws01_plumbing/install/base_interface:/opt/ros/galactic /usr/bin/cmake /home/abc/ws01_plumbing/src/cpp01_topic -DCMAKE_INSTALL_PREFIX=/home/abc/ws01_plumbing/install/cpp01_topic
[0.089s] -- The C compiler identification is GNU 9.4.0
[0.144s] -- The CXX compiler identification is GNU 9.4.0
[0.148s] -- Check for working C compiler: /usr/bin/cc
[0.229s] -- Check for working C compiler: /usr/bin/cc -- works
[0.230s] -- Detecting C compiler ABI info
[0.309s] -- Detecting C compiler ABI info - done
[0.323s] -- Detecting C compile features
[0.323s] -- Detecting C compile features - done
[0.326s] -- Check for working CXX compiler: /usr/bin/c++
[0.412s] -- Check for working CXX compiler: /usr/bin/c++ -- works
[0.413s] -- Detecting CXX compiler ABI info
[0.495s] -- Detecting CXX compiler ABI info - done
[0.512s] -- Detecting CXX compile features
[0.513s] -- Detecting CXX compile features - done
[0.514s] -- Found ament_cmake: 1.1.6 (/opt/ros/galactic/share/ament_cmake/cmake)
[0.539s] -- Found PythonInterp: /usr/bin/python3 (found suitable version "3.8.10", minimum required is "3") 
[0.539s] -- Using PYTHON_EXECUTABLE: /usr/bin/python3
[0.609s] -- Found rclcpp: 9.2.2 (/opt/ros/galactic/share/rclcpp/cmake)
[0.664s] -- Using all available rosidl_typesupport_c: rosidl_typesupport_fastrtps_c;rosidl_typesupport_introspection_c
[0.671s] -- Found rosidl_adapter: 2.2.3 (/opt/ros/galactic/share/rosidl_adapter/cmake)
[0.798s] -- Found OpenSSL: /usr/lib/x86_64-linux-gnu/libcrypto.so (found version "1.1.1f")  
[0.827s] -- Found FastRTPS: /opt/ros/galactic/include  
[0.901s] -- Using all available rosidl_typesupport_cpp: rosidl_typesupport_fastrtps_cpp;rosidl_typesupport_introspection_cpp
[0.978s] -- Found rmw_implementation_cmake: 3.3.1 (/opt/ros/galactic/share/rmw_implementation_cmake/cmake)
[0.980s] -- Found rmw_cyclonedds_cpp: 0.22.6 (/opt/ros/galactic/share/rmw_cyclonedds_cpp/cmake)
[1.012s] -- Using RMW implementation 'rmw_cyclonedds_cpp' as default
[1.013s] -- Looking for pthread.h
[1.101s] -- Looking for pthread.h - found
[1.102s] -- Performing Test CMAKE_HAVE_LIBC_PTHREAD
[1.188s] -- Performing Test CMAKE_HAVE_LIBC_PTHREAD - Failed
[1.188s] -- Looking for pthread_create in pthreads
[1.266s] -- Looking for pthread_create in pthreads - not found
[1.267s] -- Looking for pthread_create in pthread
[1.364s] -- Looking for pthread_create in pthread - found
[1.366s] -- Found Threads: TRUE  
[1.515s] -- Found base_interface: 0.0.0 (/home/abc/ws01_plumbing/install/base_interface/share/base_interface/cmake)
[1.517s] -- Found ament_lint_auto: 0.10.7 (/opt/ros/galactic/share/ament_lint_auto/cmake)
[1.580s] -- Added test 'copyright' to check source files copyright and LICENSE
[1.581s] -- Added test 'cppcheck' to perform static code analysis on C / C++ code
[1.581s] -- Configured cppcheck include dirs: 
[1.581s] -- Configured cppcheck exclude dirs and/or files: 
[1.581s] -- Added test 'cpplint' to check C / C++ code against the Google style
[1.582s] -- Configured cpplint exclude dirs and/or files: 
[1.582s] -- Added test 'lint_cmake' to check CMake code style
[1.583s] -- Added test 'uncrustify' to check C / C++ code style
[1.583s] -- Configured uncrustify additional arguments: 
[1.583s] -- Added test 'xmllint' to check XML markup files
[1.586s] -- Configuring done
[1.591s] -- Generating done
[1.593s] -- Build files have been written to: /home/abc/ws01_plumbing/build/cpp01_topic
[1.600s] Invoked command in '/home/abc/ws01_plumbing/build/cpp01_topic' returned '0': AMENT_PREFIX_PATH=/home/abc/ws01_plumbing/install/base_interface:${AMENT_PREFIX_PATH} CMAKE_PREFIX_PATH=/home/abc/ws01_plumbing/install/base_interface:/opt/ros/galactic /usr/bin/cmake /home/abc/ws01_plumbing/src/cpp01_topic -DCMAKE_INSTALL_PREFIX=/home/abc/ws01_plumbing/install/cpp01_topic
[1.602s] Invoking command in '/home/abc/ws01_plumbing/build/cpp01_topic': AMENT_PREFIX_PATH=/home/abc/ws01_plumbing/install/base_interface:${AMENT_PREFIX_PATH} CMAKE_PREFIX_PATH=/home/abc/ws01_plumbing/install/base_interface:/opt/ros/galactic /usr/bin/cmake --build /home/abc/ws01_plumbing/build/cpp01_topic -- -j12 -l12
[1.654s] [35m[1mScanning dependencies of target talker_str_cpp[0m
[1.697s] [ 50%] [32mBuilding CXX object CMakeFiles/talker_str_cpp.dir/src/talker_str_cpp.cpp.o[0m
[3.781s] [100%] [32m[1mLinking CXX executable talker_str_cpp[0m
[3.934s] [100%] Built target talker_str_cpp
[3.951s] Invoked command in '/home/abc/ws01_plumbing/build/cpp01_topic' returned '0': AMENT_PREFIX_PATH=/home/abc/ws01_plumbing/install/base_interface:${AMENT_PREFIX_PATH} CMAKE_PREFIX_PATH=/home/abc/ws01_plumbing/install/base_interface:/opt/ros/galactic /usr/bin/cmake --build /home/abc/ws01_plumbing/build/cpp01_topic -- -j12 -l12
[3.984s] Invoking command in '/home/abc/ws01_plumbing/build/cpp01_topic': AMENT_PREFIX_PATH=/home/abc/ws01_plumbing/install/base_interface:${AMENT_PREFIX_PATH} CMAKE_PREFIX_PATH=/home/abc/ws01_plumbing/install/base_interface:/opt/ros/galactic /usr/bin/cmake --install /home/abc/ws01_plumbing/build/cpp01_topic
[3.997s] -- Install configuration: ""
[3.998s] -- Installing: /home/abc/ws01_plumbing/install/cpp01_topic/lib/cpp01_topic/talker_str_cpp
[3.998s] -- Set runtime path of "/home/abc/ws01_plumbing/install/cpp01_topic/lib/cpp01_topic/talker_str_cpp" to ""
[3.998s] -- Installing: /home/abc/ws01_plumbing/install/cpp01_topic/share/ament_index/resource_index/package_run_dependencies/cpp01_topic
[3.998s] -- Installing: /home/abc/ws01_plumbing/install/cpp01_topic/share/ament_index/resource_index/parent_prefix_path/cpp01_topic
[3.999s] -- Installing: /home/abc/ws01_plumbing/install/cpp01_topic/share/cpp01_topic/environment/ament_prefix_path.sh
[3.999s] -- Installing: /home/abc/ws01_plumbing/install/cpp01_topic/share/cpp01_topic/environment/ament_prefix_path.dsv
[3.999s] -- Installing: /home/abc/ws01_plumbing/install/cpp01_topic/share/cpp01_topic/environment/path.sh
[3.999s] -- Installing: /home/abc/ws01_plumbing/install/cpp01_topic/share/cpp01_topic/environment/path.dsv
[3.999s] -- Installing: /home/abc/ws01_plumbing/install/cpp01_topic/share/cpp01_topic/local_setup.bash
[3.999s] -- Installing: /home/abc/ws01_plumbing/install/cpp01_topic/share/cpp01_topic/local_setup.sh
[4.000s] -- Installing: /home/abc/ws01_plumbing/install/cpp01_topic/share/cpp01_topic/local_setup.zsh
[4.000s] -- Installing: /home/abc/ws01_plumbing/install/cpp01_topic/share/cpp01_topic/local_setup.dsv
[4.000s] -- Installing: /home/abc/ws01_plumbing/install/cpp01_topic/share/cpp01_topic/package.dsv
[4.000s] -- Installing: /home/abc/ws01_plumbing/install/cpp01_topic/share/ament_index/resource_index/packages/cpp01_topic
[4.000s] -- Installing: /home/abc/ws01_plumbing/install/cpp01_topic/share/cpp01_topic/cmake/cpp01_topicConfig.cmake
[4.001s] -- Installing: /home/abc/ws01_plumbing/install/cpp01_topic/share/cpp01_topic/cmake/cpp01_topicConfig-version.cmake
[4.006s] -- Installing: /home/abc/ws01_plumbing/install/cpp01_topic/share/cpp01_topic/package.xml
[4.006s] Invoked command in '/home/abc/ws01_plumbing/build/cpp01_topic' returned '0': AMENT_PREFIX_PATH=/home/abc/ws01_plumbing/install/base_interface:${AMENT_PREFIX_PATH} CMAKE_PREFIX_PATH=/home/abc/ws01_plumbing/install/base_interface:/opt/ros/galactic /usr/bin/cmake --install /home/abc/ws01_plumbing/build/cpp01_topic
