[0.019s] Invoking command in '/home/abc/ws01_plumbing/build/cpp01_topic': CMAKE_PREFIX_PATH=/home/abc/ws01_plumbing/install/base_interface:/home/abc/ws01_plumbing/install/cpp01_topic:/home/abc/ws01_plumbing/install/py01_topic:/opt/ros/galactic /usr/bin/cmake --build /home/abc/ws01_plumbing/build/cpp01_topic -- -j12 -l12
[0.068s] [35m[1mScanning dependencies of target listener_str_cpp[0m
[0.080s] [ 50%] Built target talker_str_cpp
[0.098s] [ 75%] [32mBuilding CXX object CMakeFiles/listener_str_cpp.dir/src/listener_str_cpp.cpp.o[0m
[5.873s] [100%] [32m[1mLinking CXX executable listener_str_cpp[0m
[6.149s] [100%] Built target listener_str_cpp
[6.160s] Invoked command in '/home/abc/ws01_plumbing/build/cpp01_topic' returned '0': CMAKE_PREFIX_PATH=/home/abc/ws01_plumbing/install/base_interface:/home/abc/ws01_plumbing/install/cpp01_topic:/home/abc/ws01_plumbing/install/py01_topic:/opt/ros/galactic /usr/bin/cmake --build /home/abc/ws01_plumbing/build/cpp01_topic -- -j12 -l12
[6.217s] Invoking command in '/home/abc/ws01_plumbing/build/cpp01_topic': CMAKE_PREFIX_PATH=/home/abc/ws01_plumbing/install/base_interface:/home/abc/ws01_plumbing/install/cpp01_topic:/home/abc/ws01_plumbing/install/py01_topic:/opt/ros/galactic /usr/bin/cmake --install /home/abc/ws01_plumbing/build/cpp01_topic
[6.232s] -- Install configuration: ""
[6.232s] -- Up-to-date: /home/abc/ws01_plumbing/install/cpp01_topic/lib/cpp01_topic/talker_str_cpp
[6.233s] -- Installing: /home/abc/ws01_plumbing/install/cpp01_topic/lib/cpp01_topic/listener_str_cpp
[6.235s] -- Set runtime path of "/home/abc/ws01_plumbing/install/cpp01_topic/lib/cpp01_topic/listener_str_cpp" to ""
[6.236s] -- Up-to-date: /home/abc/ws01_plumbing/install/cpp01_topic/share/ament_index/resource_index/package_run_dependencies/cpp01_topic
[6.236s] -- Up-to-date: /home/abc/ws01_plumbing/install/cpp01_topic/share/ament_index/resource_index/parent_prefix_path/cpp01_topic
[6.236s] -- Up-to-date: /home/abc/ws01_plumbing/install/cpp01_topic/share/cpp01_topic/environment/ament_prefix_path.sh
[6.236s] -- Up-to-date: /home/abc/ws01_plumbing/install/cpp01_topic/share/cpp01_topic/environment/ament_prefix_path.dsv
[6.236s] -- Up-to-date: /home/abc/ws01_plumbing/install/cpp01_topic/share/cpp01_topic/environment/path.sh
[6.236s] -- Up-to-date: /home/abc/ws01_plumbing/install/cpp01_topic/share/cpp01_topic/environment/path.dsv
[6.236s] -- Up-to-date: /home/abc/ws01_plumbing/install/cpp01_topic/share/cpp01_topic/local_setup.bash
[6.237s] -- Up-to-date: /home/abc/ws01_plumbing/install/cpp01_topic/share/cpp01_topic/local_setup.sh
[6.237s] -- Up-to-date: /home/abc/ws01_plumbing/install/cpp01_topic/share/cpp01_topic/local_setup.zsh
[6.239s] -- Up-to-date: /home/abc/ws01_plumbing/install/cpp01_topic/share/cpp01_topic/local_setup.dsv
[6.241s] -- Installing: /home/abc/ws01_plumbing/install/cpp01_topic/share/cpp01_topic/package.dsv
[6.241s] -- Up-to-date: /home/abc/ws01_plumbing/install/cpp01_topic/share/ament_index/resource_index/packages/cpp01_topic
[6.242s] -- Up-to-date: /home/abc/ws01_plumbing/install/cpp01_topic/share/cpp01_topic/cmake/cpp01_topicConfig.cmake
[6.242s] -- Up-to-date: /home/abc/ws01_plumbing/install/cpp01_topic/share/cpp01_topic/cmake/cpp01_topicConfig-version.cmake
[6.242s] -- Up-to-date: /home/abc/ws01_plumbing/install/cpp01_topic/share/cpp01_topic/package.xml
[6.243s] Invoked command in '/home/abc/ws01_plumbing/build/cpp01_topic' returned '0': CMAKE_PREFIX_PATH=/home/abc/ws01_plumbing/install/base_interface:/home/abc/ws01_plumbing/install/cpp01_topic:/home/abc/ws01_plumbing/install/py01_topic:/opt/ros/galactic /usr/bin/cmake --install /home/abc/ws01_plumbing/build/cpp01_topic
