[0.260s] DEBUG:colcon:Command line arguments: ['/usr/bin/colcon', 'build', '--symlink-install']
[0.260s] DEBUG:colcon:Parsed command line arguments: Namespace(allow_overriding=[], ament_cmake_args=None, base_paths=['.'], build_base='build', catkin_cmake_args=None, catkin_skip_building_tests=False, cmake_args=None, cmake_clean_cache=False, cmake_clean_first=False, cmake_force_configure=False, cmake_target=None, cmake_target_skip_unavailable=False, continue_on_error=False, event_handlers=None, executor='parallel', ignore_user_meta=False, install_base='install', log_base=None, log_level=None, main=<bound method BuildVerb.main of <colcon_core.verb.build.BuildVerb object at 0x7f6a438eb850>>, merge_install=False, metas=['./colcon.meta'], packages_above=None, packages_above_and_dependencies=None, packages_above_depth=None, packages_end=None, packages_ignore=None, packages_ignore_regex=None, packages_select=None, packages_select_build_failed=False, packages_select_by_dep=None, packages_select_regex=None, packages_select_test_failures=False, packages_skip=None, packages_skip_build_finished=False, packages_skip_by_dep=None, packages_skip_regex=None, packages_skip_test_passed=False, packages_skip_up_to=None, packages_start=None, packages_up_to=None, packages_up_to_regex=None, parallel_workers=12, paths=None, symlink_install=True, test_result_base=None, verb_extension=<colcon_core.verb.build.BuildVerb object at 0x7f6a438eb850>, verb_name='build', verb_parser=<colcon_defaults.argument_parser.defaults.DefaultArgumentsDecorator object at 0x7f6a438ebdc0>)
[0.279s] Level 1:colcon.colcon_core.package_discovery:discover_packages(colcon_meta) check parameters
[0.280s] Level 1:colcon.colcon_core.package_discovery:discover_packages(recursive) check parameters
[0.280s] Level 1:colcon.colcon_core.package_discovery:discover_packages(ignore) check parameters
[0.280s] Level 1:colcon.colcon_core.package_discovery:discover_packages(path) check parameters
[0.280s] Level 1:colcon.colcon_core.package_discovery:discover_packages(colcon_meta) discover
[0.280s] Level 1:colcon.colcon_core.package_discovery:discover_packages(recursive) discover
[0.280s] INFO:colcon.colcon_core.package_discovery:Crawling recursively for packages in '/home/abc/ws01_plumbing'
[0.280s] Level 1:colcon.colcon_core.package_identification:_identify(.) by extensions ['ignore', 'ignore_ament_install']
[0.280s] Level 1:colcon.colcon_core.package_identification:_identify(.) by extension 'ignore'
[0.280s] Level 1:colcon.colcon_core.package_identification:_identify(.) by extension 'ignore_ament_install'
[0.280s] Level 1:colcon.colcon_core.package_identification:_identify(.) by extensions ['colcon_pkg']
[0.280s] Level 1:colcon.colcon_core.package_identification:_identify(.) by extension 'colcon_pkg'
[0.280s] Level 1:colcon.colcon_core.package_identification:_identify(.) by extensions ['colcon_meta']
[0.280s] Level 1:colcon.colcon_core.package_identification:_identify(.) by extension 'colcon_meta'
[0.280s] Level 1:colcon.colcon_core.package_identification:_identify(.) by extensions ['ros']
[0.280s] Level 1:colcon.colcon_core.package_identification:_identify(.) by extension 'ros'
[0.298s] Level 1:colcon.colcon_core.package_identification:_identify(.) by extensions ['cmake', 'python']
[0.298s] Level 1:colcon.colcon_core.package_identification:_identify(.) by extension 'cmake'
[0.298s] Level 1:colcon.colcon_core.package_identification:_identify(.) by extension 'python'
[0.298s] Level 1:colcon.colcon_core.package_identification:_identify(.) by extensions ['python_setup_py']
[0.298s] Level 1:colcon.colcon_core.package_identification:_identify(.) by extension 'python_setup_py'
[0.298s] Level 1:colcon.colcon_core.package_identification:_identify(build) by extensions ['ignore', 'ignore_ament_install']
[0.298s] Level 1:colcon.colcon_core.package_identification:_identify(build) by extension 'ignore'
[0.298s] Level 1:colcon.colcon_core.package_identification:_identify(build) ignored
[0.298s] Level 1:colcon.colcon_core.package_identification:_identify(install) by extensions ['ignore', 'ignore_ament_install']
[0.298s] Level 1:colcon.colcon_core.package_identification:_identify(install) by extension 'ignore'
[0.298s] Level 1:colcon.colcon_core.package_identification:_identify(install) ignored
[0.298s] Level 1:colcon.colcon_core.package_identification:_identify(log) by extensions ['ignore', 'ignore_ament_install']
[0.298s] Level 1:colcon.colcon_core.package_identification:_identify(log) by extension 'ignore'
[0.298s] Level 1:colcon.colcon_core.package_identification:_identify(log) ignored
[0.299s] Level 1:colcon.colcon_core.package_identification:_identify(src) by extensions ['ignore', 'ignore_ament_install']
[0.299s] Level 1:colcon.colcon_core.package_identification:_identify(src) by extension 'ignore'
[0.299s] Level 1:colcon.colcon_core.package_identification:_identify(src) by extension 'ignore_ament_install'
[0.299s] Level 1:colcon.colcon_core.package_identification:_identify(src) by extensions ['colcon_pkg']
[0.299s] Level 1:colcon.colcon_core.package_identification:_identify(src) by extension 'colcon_pkg'
[0.299s] Level 1:colcon.colcon_core.package_identification:_identify(src) by extensions ['colcon_meta']
[0.299s] Level 1:colcon.colcon_core.package_identification:_identify(src) by extension 'colcon_meta'
[0.299s] Level 1:colcon.colcon_core.package_identification:_identify(src) by extensions ['ros']
[0.299s] Level 1:colcon.colcon_core.package_identification:_identify(src) by extension 'ros'
[0.299s] Level 1:colcon.colcon_core.package_identification:_identify(src) by extensions ['cmake', 'python']
[0.299s] Level 1:colcon.colcon_core.package_identification:_identify(src) by extension 'cmake'
[0.299s] Level 1:colcon.colcon_core.package_identification:_identify(src) by extension 'python'
[0.299s] Level 1:colcon.colcon_core.package_identification:_identify(src) by extensions ['python_setup_py']
[0.299s] Level 1:colcon.colcon_core.package_identification:_identify(src) by extension 'python_setup_py'
[0.299s] Level 1:colcon.colcon_core.package_identification:_identify(src/base_interface) by extensions ['ignore', 'ignore_ament_install']
[0.299s] Level 1:colcon.colcon_core.package_identification:_identify(src/base_interface) by extension 'ignore'
[0.299s] Level 1:colcon.colcon_core.package_identification:_identify(src/base_interface) by extension 'ignore_ament_install'
[0.299s] Level 1:colcon.colcon_core.package_identification:_identify(src/base_interface) by extensions ['colcon_pkg']
[0.299s] Level 1:colcon.colcon_core.package_identification:_identify(src/base_interface) by extension 'colcon_pkg'
[0.299s] Level 1:colcon.colcon_core.package_identification:_identify(src/base_interface) by extensions ['colcon_meta']
[0.299s] Level 1:colcon.colcon_core.package_identification:_identify(src/base_interface) by extension 'colcon_meta'
[0.299s] Level 1:colcon.colcon_core.package_identification:_identify(src/base_interface) by extensions ['ros']
[0.299s] Level 1:colcon.colcon_core.package_identification:_identify(src/base_interface) by extension 'ros'
[0.301s] DEBUG:colcon.colcon_core.package_identification:Package 'src/base_interface' with type 'ros.ament_cmake' and name 'base_interface'
[0.301s] Level 1:colcon.colcon_core.package_identification:_identify(src/cpp01_topic) by extensions ['ignore', 'ignore_ament_install']
[0.301s] Level 1:colcon.colcon_core.package_identification:_identify(src/cpp01_topic) by extension 'ignore'
[0.302s] Level 1:colcon.colcon_core.package_identification:_identify(src/cpp01_topic) by extension 'ignore_ament_install'
[0.302s] Level 1:colcon.colcon_core.package_identification:_identify(src/cpp01_topic) by extensions ['colcon_pkg']
[0.302s] Level 1:colcon.colcon_core.package_identification:_identify(src/cpp01_topic) by extension 'colcon_pkg'
[0.302s] Level 1:colcon.colcon_core.package_identification:_identify(src/cpp01_topic) by extensions ['colcon_meta']
[0.302s] Level 1:colcon.colcon_core.package_identification:_identify(src/cpp01_topic) by extension 'colcon_meta'
[0.302s] Level 1:colcon.colcon_core.package_identification:_identify(src/cpp01_topic) by extensions ['ros']
[0.302s] Level 1:colcon.colcon_core.package_identification:_identify(src/cpp01_topic) by extension 'ros'
[0.302s] DEBUG:colcon.colcon_core.package_identification:Package 'src/cpp01_topic' with type 'ros.ament_cmake' and name 'cpp01_topic'
[0.302s] Level 1:colcon.colcon_core.package_identification:_identify(src/py01_topic) by extensions ['ignore', 'ignore_ament_install']
[0.302s] Level 1:colcon.colcon_core.package_identification:_identify(src/py01_topic) by extension 'ignore'
[0.303s] Level 1:colcon.colcon_core.package_identification:_identify(src/py01_topic) by extension 'ignore_ament_install'
[0.303s] Level 1:colcon.colcon_core.package_identification:_identify(src/py01_topic) by extensions ['colcon_pkg']
[0.303s] Level 1:colcon.colcon_core.package_identification:_identify(src/py01_topic) by extension 'colcon_pkg'
[0.303s] Level 1:colcon.colcon_core.package_identification:_identify(src/py01_topic) by extensions ['colcon_meta']
[0.303s] Level 1:colcon.colcon_core.package_identification:_identify(src/py01_topic) by extension 'colcon_meta'
[0.303s] Level 1:colcon.colcon_core.package_identification:_identify(src/py01_topic) by extensions ['ros']
[0.303s] Level 1:colcon.colcon_core.package_identification:_identify(src/py01_topic) by extension 'ros'
[0.303s] DEBUG:colcon.colcon_core.package_identification:Package 'src/py01_topic' with type 'ros.ament_python' and name 'py01_topic'
[0.303s] Level 1:colcon.colcon_core.package_discovery:discover_packages(recursive) using defaults
[0.303s] Level 1:colcon.colcon_core.package_discovery:discover_packages(ignore) discover
[0.303s] Level 1:colcon.colcon_core.package_discovery:discover_packages(ignore) using defaults
[0.303s] Level 1:colcon.colcon_core.package_discovery:discover_packages(path) discover
[0.303s] Level 1:colcon.colcon_core.package_discovery:discover_packages(path) using defaults
[0.319s] Level 1:colcon.colcon_core.package_discovery:discover_packages(prefix_path) check parameters
[0.319s] Level 1:colcon.colcon_core.package_discovery:discover_packages(prefix_path) discover
[0.321s] DEBUG:colcon.colcon_installed_package_information.package_discovery:Found 3 installed packages in /home/abc/ws01_plumbing/install
[0.323s] DEBUG:colcon.colcon_installed_package_information.package_discovery:Found 268 installed packages in /opt/ros/galactic
[0.324s] Level 1:colcon.colcon_core.package_discovery:discover_packages(prefix_path) using defaults
[0.380s] Level 5:colcon.colcon_core.verb:set package 'base_interface' build argument 'cmake_args' from command line to 'None'
[0.380s] Level 5:colcon.colcon_core.verb:set package 'base_interface' build argument 'cmake_target' from command line to 'None'
[0.380s] Level 5:colcon.colcon_core.verb:set package 'base_interface' build argument 'cmake_target_skip_unavailable' from command line to 'False'
[0.380s] Level 5:colcon.colcon_core.verb:set package 'base_interface' build argument 'cmake_clean_cache' from command line to 'False'
[0.380s] Level 5:colcon.colcon_core.verb:set package 'base_interface' build argument 'cmake_clean_first' from command line to 'False'
[0.380s] Level 5:colcon.colcon_core.verb:set package 'base_interface' build argument 'cmake_force_configure' from command line to 'False'
[0.380s] Level 5:colcon.colcon_core.verb:set package 'base_interface' build argument 'ament_cmake_args' from command line to 'None'
[0.380s] Level 5:colcon.colcon_core.verb:set package 'base_interface' build argument 'catkin_cmake_args' from command line to 'None'
[0.380s] Level 5:colcon.colcon_core.verb:set package 'base_interface' build argument 'catkin_skip_building_tests' from command line to 'False'
[0.380s] DEBUG:colcon.colcon_core.verb:Building package 'base_interface' with the following arguments: {'ament_cmake_args': None, 'build_base': '/home/abc/ws01_plumbing/build/base_interface', 'catkin_cmake_args': None, 'catkin_skip_building_tests': False, 'cmake_args': None, 'cmake_clean_cache': False, 'cmake_clean_first': False, 'cmake_force_configure': False, 'cmake_target': None, 'cmake_target_skip_unavailable': False, 'install_base': '/home/abc/ws01_plumbing/install/base_interface', 'merge_install': False, 'path': '/home/abc/ws01_plumbing/src/base_interface', 'symlink_install': True, 'test_result_base': None}
[0.381s] Level 5:colcon.colcon_core.verb:set package 'cpp01_topic' build argument 'cmake_args' from command line to 'None'
[0.381s] Level 5:colcon.colcon_core.verb:set package 'cpp01_topic' build argument 'cmake_target' from command line to 'None'
[0.381s] Level 5:colcon.colcon_core.verb:set package 'cpp01_topic' build argument 'cmake_target_skip_unavailable' from command line to 'False'
[0.381s] Level 5:colcon.colcon_core.verb:set package 'cpp01_topic' build argument 'cmake_clean_cache' from command line to 'False'
[0.381s] Level 5:colcon.colcon_core.verb:set package 'cpp01_topic' build argument 'cmake_clean_first' from command line to 'False'
[0.381s] Level 5:colcon.colcon_core.verb:set package 'cpp01_topic' build argument 'cmake_force_configure' from command line to 'False'
[0.381s] Level 5:colcon.colcon_core.verb:set package 'cpp01_topic' build argument 'ament_cmake_args' from command line to 'None'
[0.381s] Level 5:colcon.colcon_core.verb:set package 'cpp01_topic' build argument 'catkin_cmake_args' from command line to 'None'
[0.381s] Level 5:colcon.colcon_core.verb:set package 'cpp01_topic' build argument 'catkin_skip_building_tests' from command line to 'False'
[0.381s] DEBUG:colcon.colcon_core.verb:Building package 'cpp01_topic' with the following arguments: {'ament_cmake_args': None, 'build_base': '/home/abc/ws01_plumbing/build/cpp01_topic', 'catkin_cmake_args': None, 'catkin_skip_building_tests': False, 'cmake_args': None, 'cmake_clean_cache': False, 'cmake_clean_first': False, 'cmake_force_configure': False, 'cmake_target': None, 'cmake_target_skip_unavailable': False, 'install_base': '/home/abc/ws01_plumbing/install/cpp01_topic', 'merge_install': False, 'path': '/home/abc/ws01_plumbing/src/cpp01_topic', 'symlink_install': True, 'test_result_base': None}
[0.382s] Level 5:colcon.colcon_core.verb:set package 'py01_topic' build argument 'cmake_args' from command line to 'None'
[0.382s] Level 5:colcon.colcon_core.verb:set package 'py01_topic' build argument 'cmake_target' from command line to 'None'
[0.382s] Level 5:colcon.colcon_core.verb:set package 'py01_topic' build argument 'cmake_target_skip_unavailable' from command line to 'False'
[0.382s] Level 5:colcon.colcon_core.verb:set package 'py01_topic' build argument 'cmake_clean_cache' from command line to 'False'
[0.382s] Level 5:colcon.colcon_core.verb:set package 'py01_topic' build argument 'cmake_clean_first' from command line to 'False'
[0.382s] Level 5:colcon.colcon_core.verb:set package 'py01_topic' build argument 'cmake_force_configure' from command line to 'False'
[0.382s] Level 5:colcon.colcon_core.verb:set package 'py01_topic' build argument 'ament_cmake_args' from command line to 'None'
[0.382s] Level 5:colcon.colcon_core.verb:set package 'py01_topic' build argument 'catkin_cmake_args' from command line to 'None'
[0.382s] Level 5:colcon.colcon_core.verb:set package 'py01_topic' build argument 'catkin_skip_building_tests' from command line to 'False'
[0.382s] DEBUG:colcon.colcon_core.verb:Building package 'py01_topic' with the following arguments: {'ament_cmake_args': None, 'build_base': '/home/abc/ws01_plumbing/build/py01_topic', 'catkin_cmake_args': None, 'catkin_skip_building_tests': False, 'cmake_args': None, 'cmake_clean_cache': False, 'cmake_clean_first': False, 'cmake_force_configure': False, 'cmake_target': None, 'cmake_target_skip_unavailable': False, 'install_base': '/home/abc/ws01_plumbing/install/py01_topic', 'merge_install': False, 'path': '/home/abc/ws01_plumbing/src/py01_topic', 'symlink_install': True, 'test_result_base': None}
[0.382s] INFO:colcon.colcon_core.executor:Executing jobs using 'parallel' executor
[0.385s] DEBUG:colcon.colcon_parallel_executor.executor.parallel:run_until_complete
[0.385s] INFO:colcon.colcon_ros.task.ament_cmake.build:Building ROS package in '/home/abc/ws01_plumbing/src/base_interface' with build type 'ament_cmake'
[0.385s] INFO:colcon.colcon_cmake.task.cmake.build:Building CMake package in '/home/abc/ws01_plumbing/src/base_interface'
[0.389s] INFO:colcon.colcon_core.plugin_system:Skipping extension 'colcon_core.shell.bat': Not used on non-Windows systems
[0.389s] INFO:colcon.colcon_core.shell:Skip shell extension 'powershell' for command environment: Not usable outside of PowerShell
[0.389s] DEBUG:colcon.colcon_core.shell:Skip shell extension 'dsv' for command environment
[0.406s] DEBUG:colcon.colcon_core.event_handler.log_command:Invoking command in '/home/abc/ws01_plumbing/build/base_interface': CMAKE_PREFIX_PATH=${CMAKE_PREFIX_PATH}:/home/abc/ws01_plumbing/install/py01_topic:/opt/ros/galactic /usr/bin/cmake --build /home/abc/ws01_plumbing/build/base_interface -- -j12 -l12
[0.450s] DEBUG:colcon.colcon_core.event_handler.log_command:Invoked command in '/home/abc/ws01_plumbing/build/base_interface' returned '0': CMAKE_PREFIX_PATH=${CMAKE_PREFIX_PATH}:/home/abc/ws01_plumbing/install/py01_topic:/opt/ros/galactic /usr/bin/cmake --build /home/abc/ws01_plumbing/build/base_interface -- -j12 -l12
[0.492s] DEBUG:colcon.colcon_core.event_handler.log_command:Invoking command in '/home/abc/ws01_plumbing/build/base_interface': CMAKE_PREFIX_PATH=${CMAKE_PREFIX_PATH}:/home/abc/ws01_plumbing/install/py01_topic:/opt/ros/galactic /usr/bin/cmake --install /home/abc/ws01_plumbing/build/base_interface
[0.528s] Level 1:colcon.colcon_core.environment:create_environment_scripts_only(base_interface)
[0.529s] DEBUG:colcon.colcon_core.event_handler.log_command:Invoked command in '/home/abc/ws01_plumbing/build/base_interface' returned '0': CMAKE_PREFIX_PATH=${CMAKE_PREFIX_PATH}:/home/abc/ws01_plumbing/install/py01_topic:/opt/ros/galactic /usr/bin/cmake --install /home/abc/ws01_plumbing/build/base_interface
[0.536s] Level 1:colcon.colcon_core.environment:checking '/home/abc/ws01_plumbing/install/base_interface' for CMake module files
[0.536s] Level 1:colcon.colcon_core.environment:checking '/home/abc/ws01_plumbing/install/base_interface' for CMake config files
[0.537s] Level 1:colcon.colcon_core.shell:create_environment_hook('base_interface', 'cmake_prefix_path')
[0.538s] INFO:colcon.colcon_core.shell:Creating environment hook '/home/abc/ws01_plumbing/install/base_interface/share/base_interface/hook/cmake_prefix_path.ps1'
[0.538s] INFO:colcon.colcon_core.shell:Creating environment descriptor '/home/abc/ws01_plumbing/install/base_interface/share/base_interface/hook/cmake_prefix_path.dsv'
[0.539s] INFO:colcon.colcon_core.shell:Creating environment hook '/home/abc/ws01_plumbing/install/base_interface/share/base_interface/hook/cmake_prefix_path.sh'
[0.539s] Level 1:colcon.colcon_core.environment:checking '/home/abc/ws01_plumbing/install/base_interface/bin'
[0.539s] Level 1:colcon.colcon_core.environment:checking '/home/abc/ws01_plumbing/install/base_interface/lib/pkgconfig/base_interface.pc'
[0.540s] Level 1:colcon.colcon_core.environment:checking '/home/abc/ws01_plumbing/install/base_interface/lib/python3.8/site-packages'
[0.540s] Level 1:colcon.colcon_core.environment:checking '/home/abc/ws01_plumbing/install/base_interface/bin'
[0.541s] INFO:colcon.colcon_core.shell:Creating package script '/home/abc/ws01_plumbing/install/base_interface/share/base_interface/package.ps1'
[0.542s] INFO:colcon.colcon_core.shell:Creating package descriptor '/home/abc/ws01_plumbing/install/base_interface/share/base_interface/package.dsv'
[0.542s] INFO:colcon.colcon_core.shell:Creating package script '/home/abc/ws01_plumbing/install/base_interface/share/base_interface/package.sh'
[0.543s] INFO:colcon.colcon_core.shell:Creating package script '/home/abc/ws01_plumbing/install/base_interface/share/base_interface/package.bash'
[0.543s] INFO:colcon.colcon_core.shell:Creating package script '/home/abc/ws01_plumbing/install/base_interface/share/base_interface/package.zsh'
[0.544s] Level 1:colcon.colcon_core.environment:create_file_with_runtime_dependencies(/home/abc/ws01_plumbing/install/base_interface/share/colcon-core/packages/base_interface)
[0.573s] Level 1:colcon.colcon_core.environment:create_environment_scripts_only(base_interface)
[0.579s] Level 1:colcon.colcon_core.environment:checking '/home/abc/ws01_plumbing/install/base_interface' for CMake module files
[0.579s] Level 1:colcon.colcon_core.environment:checking '/home/abc/ws01_plumbing/install/base_interface' for CMake config files
[0.580s] Level 1:colcon.colcon_core.shell:create_environment_hook('base_interface', 'cmake_prefix_path')
[0.581s] INFO:colcon.colcon_core.shell:Creating environment hook '/home/abc/ws01_plumbing/install/base_interface/share/base_interface/hook/cmake_prefix_path.ps1'
[0.582s] INFO:colcon.colcon_core.shell:Creating environment descriptor '/home/abc/ws01_plumbing/install/base_interface/share/base_interface/hook/cmake_prefix_path.dsv'
[0.583s] INFO:colcon.colcon_core.shell:Creating environment hook '/home/abc/ws01_plumbing/install/base_interface/share/base_interface/hook/cmake_prefix_path.sh'
[0.583s] Level 1:colcon.colcon_core.environment:checking '/home/abc/ws01_plumbing/install/base_interface/bin'
[0.583s] Level 1:colcon.colcon_core.environment:checking '/home/abc/ws01_plumbing/install/base_interface/lib/pkgconfig/base_interface.pc'
[0.584s] Level 1:colcon.colcon_core.environment:checking '/home/abc/ws01_plumbing/install/base_interface/lib/python3.8/site-packages'
[0.584s] Level 1:colcon.colcon_core.environment:checking '/home/abc/ws01_plumbing/install/base_interface/bin'
[0.585s] INFO:colcon.colcon_core.shell:Creating package script '/home/abc/ws01_plumbing/install/base_interface/share/base_interface/package.ps1'
[0.586s] INFO:colcon.colcon_core.shell:Creating package descriptor '/home/abc/ws01_plumbing/install/base_interface/share/base_interface/package.dsv'
[0.587s] INFO:colcon.colcon_core.shell:Creating package script '/home/abc/ws01_plumbing/install/base_interface/share/base_interface/package.sh'
[0.588s] INFO:colcon.colcon_core.shell:Creating package script '/home/abc/ws01_plumbing/install/base_interface/share/base_interface/package.bash'
[0.588s] INFO:colcon.colcon_core.shell:Creating package script '/home/abc/ws01_plumbing/install/base_interface/share/base_interface/package.zsh'
[0.589s] Level 1:colcon.colcon_core.environment:create_file_with_runtime_dependencies(/home/abc/ws01_plumbing/install/base_interface/share/colcon-core/packages/base_interface)
[0.589s] INFO:colcon.colcon_ros.task.ament_cmake.build:Building ROS package in '/home/abc/ws01_plumbing/src/cpp01_topic' with build type 'ament_cmake'
[0.589s] INFO:colcon.colcon_cmake.task.cmake.build:Building CMake package in '/home/abc/ws01_plumbing/src/cpp01_topic'
[0.591s] INFO:colcon.colcon_core.shell:Skip shell extension 'powershell' for command environment: Not usable outside of PowerShell
[0.591s] DEBUG:colcon.colcon_core.shell:Skip shell extension 'dsv' for command environment
[0.600s] INFO:colcon.colcon_ros.task.ament_python.build:Building ROS package in '/home/abc/ws01_plumbing/src/py01_topic' with build type 'ament_python'
[0.601s] Level 1:colcon.colcon_core.shell:create_environment_hook('py01_topic', 'ament_prefix_path')
[0.603s] INFO:colcon.colcon_core.shell:Creating environment hook '/home/abc/ws01_plumbing/install/py01_topic/share/py01_topic/hook/ament_prefix_path.ps1'
[0.604s] INFO:colcon.colcon_core.shell:Creating environment descriptor '/home/abc/ws01_plumbing/install/py01_topic/share/py01_topic/hook/ament_prefix_path.dsv'
[0.604s] INFO:colcon.colcon_core.shell:Creating environment hook '/home/abc/ws01_plumbing/install/py01_topic/share/py01_topic/hook/ament_prefix_path.sh'
[0.606s] INFO:colcon.colcon_core.shell:Skip shell extension 'powershell' for command environment: Not usable outside of PowerShell
[0.607s] DEBUG:colcon.colcon_core.shell:Skip shell extension 'dsv' for command environment
[0.618s] DEBUG:colcon.colcon_core.event_handler.log_command:Invoking command in '/home/abc/ws01_plumbing/build/cpp01_topic': CMAKE_PREFIX_PATH=/home/abc/ws01_plumbing/install/base_interface:/home/abc/ws01_plumbing/install/cpp01_topic:/home/abc/ws01_plumbing/install/py01_topic:/opt/ros/galactic /usr/bin/cmake --build /home/abc/ws01_plumbing/build/cpp01_topic -- -j12 -l12
[0.809s] INFO:colcon.colcon_core.task.python.build:Building Python package in '/home/abc/ws01_plumbing/src/py01_topic'
[0.811s] INFO:colcon.colcon_core.shell:Skip shell extension 'powershell' for command environment: Not usable outside of PowerShell
[0.812s] DEBUG:colcon.colcon_core.shell:Skip shell extension 'dsv' for command environment
[1.172s] DEBUG:colcon.colcon_core.event_handler.log_command:Invoking command in '/home/abc/ws01_plumbing/build/py01_topic': CMAKE_PREFIX_PATH=/home/abc/ws01_plumbing/install/base_interface:/home/abc/ws01_plumbing/install/cpp01_topic PYTHONPATH=/home/abc/ws01_plumbing/build/py01_topic/prefix_override:/home/abc/ws01_plumbing/install/py01_topic/lib/python3.8/site-packages:${PYTHONPATH} /usr/bin/python3 setup.py develop --editable --build-directory /home/abc/ws01_plumbing/build/py01_topic/build --no-deps install_data
[1.179s] DEBUG:colcon.colcon_core.event_handler.log_command:Invoked command in '/home/abc/ws01_plumbing/build/cpp01_topic' returned '0': CMAKE_PREFIX_PATH=/home/abc/ws01_plumbing/install/base_interface:/home/abc/ws01_plumbing/install/cpp01_topic:/home/abc/ws01_plumbing/install/py01_topic:/opt/ros/galactic /usr/bin/cmake --build /home/abc/ws01_plumbing/build/cpp01_topic -- -j12 -l12
[1.212s] DEBUG:colcon.colcon_core.event_handler.log_command:Invoking command in '/home/abc/ws01_plumbing/build/cpp01_topic': CMAKE_PREFIX_PATH=/home/abc/ws01_plumbing/install/base_interface:/home/abc/ws01_plumbing/install/cpp01_topic:/home/abc/ws01_plumbing/install/py01_topic:/opt/ros/galactic /usr/bin/cmake --install /home/abc/ws01_plumbing/build/cpp01_topic
[1.393s] Level 1:colcon.colcon_core.environment:create_environment_scripts_only(cpp01_topic)
[1.397s] Level 1:colcon.colcon_core.environment:checking '/home/abc/ws01_plumbing/install/cpp01_topic' for CMake module files
[1.398s] DEBUG:colcon.colcon_core.event_handler.log_command:Invoked command in '/home/abc/ws01_plumbing/build/cpp01_topic' returned '0': CMAKE_PREFIX_PATH=/home/abc/ws01_plumbing/install/base_interface:/home/abc/ws01_plumbing/install/cpp01_topic:/home/abc/ws01_plumbing/install/py01_topic:/opt/ros/galactic /usr/bin/cmake --install /home/abc/ws01_plumbing/build/cpp01_topic
[1.399s] Level 1:colcon.colcon_core.environment:checking '/home/abc/ws01_plumbing/install/cpp01_topic' for CMake config files
[1.399s] Level 1:colcon.colcon_core.shell:create_environment_hook('cpp01_topic', 'cmake_prefix_path')
[1.402s] INFO:colcon.colcon_core.shell:Creating environment hook '/home/abc/ws01_plumbing/install/cpp01_topic/share/cpp01_topic/hook/cmake_prefix_path.ps1'
[1.403s] INFO:colcon.colcon_core.shell:Creating environment descriptor '/home/abc/ws01_plumbing/install/cpp01_topic/share/cpp01_topic/hook/cmake_prefix_path.dsv'
[1.403s] INFO:colcon.colcon_core.shell:Creating environment hook '/home/abc/ws01_plumbing/install/cpp01_topic/share/cpp01_topic/hook/cmake_prefix_path.sh'
[1.404s] Level 1:colcon.colcon_core.environment:checking '/home/abc/ws01_plumbing/install/cpp01_topic/lib'
[1.404s] Level 1:colcon.colcon_core.environment:checking '/home/abc/ws01_plumbing/install/cpp01_topic/bin'
[1.404s] Level 1:colcon.colcon_core.environment:checking '/home/abc/ws01_plumbing/install/cpp01_topic/lib/pkgconfig/cpp01_topic.pc'
[1.405s] Level 1:colcon.colcon_core.environment:checking '/home/abc/ws01_plumbing/install/cpp01_topic/lib/python3.8/site-packages'
[1.405s] Level 1:colcon.colcon_core.environment:checking '/home/abc/ws01_plumbing/install/cpp01_topic/bin'
[1.407s] INFO:colcon.colcon_core.shell:Creating package script '/home/abc/ws01_plumbing/install/cpp01_topic/share/cpp01_topic/package.ps1'
[1.408s] INFO:colcon.colcon_core.shell:Creating package descriptor '/home/abc/ws01_plumbing/install/cpp01_topic/share/cpp01_topic/package.dsv'
[1.408s] INFO:colcon.colcon_core.shell:Creating package script '/home/abc/ws01_plumbing/install/cpp01_topic/share/cpp01_topic/package.sh'
[1.408s] INFO:colcon.colcon_core.shell:Creating package script '/home/abc/ws01_plumbing/install/cpp01_topic/share/cpp01_topic/package.bash'
[1.409s] INFO:colcon.colcon_core.shell:Creating package script '/home/abc/ws01_plumbing/install/cpp01_topic/share/cpp01_topic/package.zsh'
[1.409s] Level 1:colcon.colcon_core.environment:create_file_with_runtime_dependencies(/home/abc/ws01_plumbing/install/cpp01_topic/share/colcon-core/packages/cpp01_topic)
[1.440s] Level 1:colcon.colcon_core.environment:create_environment_scripts_only(cpp01_topic)
[1.443s] Level 1:colcon.colcon_core.environment:checking '/home/abc/ws01_plumbing/install/cpp01_topic' for CMake module files
[1.444s] Level 1:colcon.colcon_core.environment:checking '/home/abc/ws01_plumbing/install/cpp01_topic' for CMake config files
[1.445s] Level 1:colcon.colcon_core.shell:create_environment_hook('cpp01_topic', 'cmake_prefix_path')
[1.447s] INFO:colcon.colcon_core.shell:Creating environment hook '/home/abc/ws01_plumbing/install/cpp01_topic/share/cpp01_topic/hook/cmake_prefix_path.ps1'
[1.447s] INFO:colcon.colcon_core.shell:Creating environment descriptor '/home/abc/ws01_plumbing/install/cpp01_topic/share/cpp01_topic/hook/cmake_prefix_path.dsv'
[1.448s] INFO:colcon.colcon_core.shell:Creating environment hook '/home/abc/ws01_plumbing/install/cpp01_topic/share/cpp01_topic/hook/cmake_prefix_path.sh'
[1.448s] Level 1:colcon.colcon_core.environment:checking '/home/abc/ws01_plumbing/install/cpp01_topic/lib'
[1.448s] Level 1:colcon.colcon_core.environment:checking '/home/abc/ws01_plumbing/install/cpp01_topic/bin'
[1.448s] Level 1:colcon.colcon_core.environment:checking '/home/abc/ws01_plumbing/install/cpp01_topic/lib/pkgconfig/cpp01_topic.pc'
[1.448s] Level 1:colcon.colcon_core.environment:checking '/home/abc/ws01_plumbing/install/cpp01_topic/lib/python3.8/site-packages'
[1.448s] Level 1:colcon.colcon_core.environment:checking '/home/abc/ws01_plumbing/install/cpp01_topic/bin'
[1.450s] INFO:colcon.colcon_core.shell:Creating package script '/home/abc/ws01_plumbing/install/cpp01_topic/share/cpp01_topic/package.ps1'
[1.450s] INFO:colcon.colcon_core.shell:Creating package descriptor '/home/abc/ws01_plumbing/install/cpp01_topic/share/cpp01_topic/package.dsv'
[1.451s] INFO:colcon.colcon_core.shell:Creating package script '/home/abc/ws01_plumbing/install/cpp01_topic/share/cpp01_topic/package.sh'
[1.451s] INFO:colcon.colcon_core.shell:Creating package script '/home/abc/ws01_plumbing/install/cpp01_topic/share/cpp01_topic/package.bash'
[1.451s] INFO:colcon.colcon_core.shell:Creating package script '/home/abc/ws01_plumbing/install/cpp01_topic/share/cpp01_topic/package.zsh'
[1.451s] Level 1:colcon.colcon_core.environment:create_file_with_runtime_dependencies(/home/abc/ws01_plumbing/install/cpp01_topic/share/colcon-core/packages/cpp01_topic)
[1.560s] Level 1:colcon.colcon_core.shell:create_environment_hook('py01_topic', 'pythonpath_develop')
[1.561s] INFO:colcon.colcon_core.shell:Creating environment hook '/home/abc/ws01_plumbing/build/py01_topic/share/py01_topic/hook/pythonpath_develop.ps1'
[1.562s] DEBUG:colcon.colcon_core.event_handler.log_command:Invoked command in '/home/abc/ws01_plumbing/build/py01_topic' returned '0': CMAKE_PREFIX_PATH=/home/abc/ws01_plumbing/install/base_interface:/home/abc/ws01_plumbing/install/cpp01_topic PYTHONPATH=/home/abc/ws01_plumbing/build/py01_topic/prefix_override:/home/abc/ws01_plumbing/install/py01_topic/lib/python3.8/site-packages:${PYTHONPATH} /usr/bin/python3 setup.py develop --editable --build-directory /home/abc/ws01_plumbing/build/py01_topic/build --no-deps install_data
[1.562s] INFO:colcon.colcon_core.shell:Creating environment descriptor '/home/abc/ws01_plumbing/build/py01_topic/share/py01_topic/hook/pythonpath_develop.dsv'
[1.563s] INFO:colcon.colcon_core.shell:Creating environment hook '/home/abc/ws01_plumbing/build/py01_topic/share/py01_topic/hook/pythonpath_develop.sh'
[1.564s] Level 1:colcon.colcon_core.environment:checking '/home/abc/ws01_plumbing/install/py01_topic' for CMake module files
[1.565s] Level 1:colcon.colcon_core.environment:checking '/home/abc/ws01_plumbing/install/py01_topic' for CMake config files
[1.565s] Level 1:colcon.colcon_core.environment:checking '/home/abc/ws01_plumbing/install/py01_topic/lib'
[1.565s] Level 1:colcon.colcon_core.environment:checking '/home/abc/ws01_plumbing/install/py01_topic/bin'
[1.565s] Level 1:colcon.colcon_core.environment:checking '/home/abc/ws01_plumbing/install/py01_topic/lib/pkgconfig/py01_topic.pc'
[1.565s] Level 1:colcon.colcon_core.environment:checking '/home/abc/ws01_plumbing/install/py01_topic/lib/python3.8/site-packages'
[1.565s] Level 1:colcon.colcon_core.shell:create_environment_hook('py01_topic', 'pythonpath')
[1.566s] INFO:colcon.colcon_core.shell:Creating environment hook '/home/abc/ws01_plumbing/install/py01_topic/share/py01_topic/hook/pythonpath.ps1'
[1.567s] INFO:colcon.colcon_core.shell:Creating environment descriptor '/home/abc/ws01_plumbing/install/py01_topic/share/py01_topic/hook/pythonpath.dsv'
[1.567s] INFO:colcon.colcon_core.shell:Creating environment hook '/home/abc/ws01_plumbing/install/py01_topic/share/py01_topic/hook/pythonpath.sh'
[1.567s] Level 1:colcon.colcon_core.environment:checking '/home/abc/ws01_plumbing/install/py01_topic/bin'
[1.567s] Level 1:colcon.colcon_core.environment:create_environment_scripts_only(py01_topic)
[1.570s] INFO:colcon.colcon_core.shell:Creating package script '/home/abc/ws01_plumbing/install/py01_topic/share/py01_topic/package.ps1'
[1.571s] INFO:colcon.colcon_core.shell:Creating package descriptor '/home/abc/ws01_plumbing/install/py01_topic/share/py01_topic/package.dsv'
[1.571s] INFO:colcon.colcon_core.shell:Creating package script '/home/abc/ws01_plumbing/install/py01_topic/share/py01_topic/package.sh'
[1.572s] INFO:colcon.colcon_core.shell:Creating package script '/home/abc/ws01_plumbing/install/py01_topic/share/py01_topic/package.bash'
[1.572s] INFO:colcon.colcon_core.shell:Creating package script '/home/abc/ws01_plumbing/install/py01_topic/share/py01_topic/package.zsh'
[1.572s] Level 1:colcon.colcon_core.environment:create_file_with_runtime_dependencies(/home/abc/ws01_plumbing/install/py01_topic/share/colcon-core/packages/py01_topic)
[1.572s] DEBUG:colcon.colcon_parallel_executor.executor.parallel:closing loop
[1.573s] DEBUG:colcon.colcon_parallel_executor.executor.parallel:loop closed
[1.573s] DEBUG:colcon.colcon_parallel_executor.executor.parallel:run_until_complete finished with '0'
[1.573s] DEBUG:colcon.colcon_core.event_reactor:joining thread
[1.584s] INFO:colcon.colcon_core.plugin_system:Skipping extension 'colcon_notification.desktop_notification.terminal_notifier': Not used on non-Darwin systems
[1.584s] INFO:colcon.colcon_core.plugin_system:Skipping extension 'colcon_notification.desktop_notification.win32': Not used on non-Windows systems
[1.584s] INFO:colcon.colcon_notification.desktop_notification:Sending desktop notification using 'notify2'
[1.605s] DEBUG:colcon.colcon_core.event_reactor:joined thread
[1.607s] INFO:colcon.colcon_core.shell:Creating prefix script '/home/abc/ws01_plumbing/install/local_setup.ps1'
[1.608s] INFO:colcon.colcon_core.shell:Creating prefix util module '/home/abc/ws01_plumbing/install/_local_setup_util_ps1.py'
[1.609s] INFO:colcon.colcon_core.shell:Creating prefix chain script '/home/abc/ws01_plumbing/install/setup.ps1'
[1.611s] INFO:colcon.colcon_core.shell:Creating prefix script '/home/abc/ws01_plumbing/install/local_setup.sh'
[1.611s] INFO:colcon.colcon_core.shell:Creating prefix util module '/home/abc/ws01_plumbing/install/_local_setup_util_sh.py'
[1.612s] INFO:colcon.colcon_core.shell:Creating prefix chain script '/home/abc/ws01_plumbing/install/setup.sh'
[1.613s] INFO:colcon.colcon_core.shell:Creating prefix script '/home/abc/ws01_plumbing/install/local_setup.bash'
[1.613s] INFO:colcon.colcon_core.shell:Creating prefix chain script '/home/abc/ws01_plumbing/install/setup.bash'
[1.614s] INFO:colcon.colcon_core.shell:Creating prefix script '/home/abc/ws01_plumbing/install/local_setup.zsh'
[1.614s] INFO:colcon.colcon_core.shell:Creating prefix chain script '/home/abc/ws01_plumbing/install/setup.zsh'
