[0.020s] Invoking command in '/home/abc/ws01_plumbing/build/base_interface': CMAKE_PREFIX_PATH=${CMAKE_PREFIX_PATH}:/home/abc/ws01_plumbing/install/py01_topic:/opt/ros/galactic /usr/bin/cmake /home/abc/ws01_plumbing/src/base_interface -DAMENT_CMAKE_SYMLINK_INSTALL=1 -DCMAKE_INSTALL_PREFIX=/home/abc/ws01_plumbing/install/base_interface
[0.032s] -- Found ament_cmake: 1.1.6 (/opt/ros/galactic/share/ament_cmake/cmake)
[0.061s] -- Using PYTHON_EXECUTABLE: /usr/bin/python3
[0.115s] -- Override CMake install command with custom implementation using symlinks instead of copying resources
[0.126s] -- Found ament_lint_auto: 0.10.7 (/opt/ros/galactic/share/ament_lint_auto/cmake)
[0.187s] -- Added test 'copyright' to check source files copyright and LICENSE
[0.188s] -- Added test 'lint_cmake' to check CMake code style
[0.188s] -- Added test 'xmllint' to check XML markup files
[0.190s] -- Configuring done
[0.192s] -- Generating done
[0.193s] -- Build files have been written to: /home/abc/ws01_plumbing/build/base_interface
[0.195s] Invoked command in '/home/abc/ws01_plumbing/build/base_interface' returned '0': CMAKE_PREFIX_PATH=${CMAKE_PREFIX_PATH}:/home/abc/ws01_plumbing/install/py01_topic:/opt/ros/galactic /usr/bin/cmake /home/abc/ws01_plumbing/src/base_interface -DAMENT_CMAKE_SYMLINK_INSTALL=1 -DCMAKE_INSTALL_PREFIX=/home/abc/ws01_plumbing/install/base_interface
[0.199s] Invoking command in '/home/abc/ws01_plumbing/build/base_interface': CMAKE_PREFIX_PATH=${CMAKE_PREFIX_PATH}:/home/abc/ws01_plumbing/install/py01_topic:/opt/ros/galactic /usr/bin/cmake --build /home/abc/ws01_plumbing/build/base_interface -- -j12 -l12
[0.250s] Invoked command in '/home/abc/ws01_plumbing/build/base_interface' returned '0': CMAKE_PREFIX_PATH=${CMAKE_PREFIX_PATH}:/home/abc/ws01_plumbing/install/py01_topic:/opt/ros/galactic /usr/bin/cmake --build /home/abc/ws01_plumbing/build/base_interface -- -j12 -l12
[0.296s] Invoking command in '/home/abc/ws01_plumbing/build/base_interface': CMAKE_PREFIX_PATH=${CMAKE_PREFIX_PATH}:/home/abc/ws01_plumbing/install/py01_topic:/opt/ros/galactic /usr/bin/cmake --install /home/abc/ws01_plumbing/build/base_interface
[0.309s] -- Install configuration: ""
[0.309s] -- Execute custom install script
[0.309s] -- Symlinking: /home/abc/ws01_plumbing/install/base_interface/share/ament_index/resource_index/package_run_dependencies/base_interface
[0.319s] -- Symlinking: /home/abc/ws01_plumbing/install/base_interface/share/ament_index/resource_index/parent_prefix_path/base_interface
[0.330s] -- Symlinking: /home/abc/ws01_plumbing/install/base_interface/share/base_interface/environment/ament_prefix_path.sh
[0.344s] -- Symlinking: /home/abc/ws01_plumbing/install/base_interface/share/base_interface/environment/ament_prefix_path.dsv
[0.357s] -- Symlinking: /home/abc/ws01_plumbing/install/base_interface/share/base_interface/environment/path.sh
[0.369s] -- Symlinking: /home/abc/ws01_plumbing/install/base_interface/share/base_interface/environment/path.dsv
[0.382s] -- Symlinking: /home/abc/ws01_plumbing/install/base_interface/share/base_interface/local_setup.bash
[0.389s] -- Symlinking: /home/abc/ws01_plumbing/install/base_interface/share/base_interface/local_setup.sh
[0.399s] -- Symlinking: /home/abc/ws01_plumbing/install/base_interface/share/base_interface/local_setup.zsh
[0.407s] -- Symlinking: /home/abc/ws01_plumbing/install/base_interface/share/base_interface/local_setup.dsv
[0.416s] -- Symlinking: /home/abc/ws01_plumbing/install/base_interface/share/base_interface/package.dsv
[0.427s] -- Symlinking: /home/abc/ws01_plumbing/install/base_interface/share/ament_index/resource_index/packages/base_interface
[0.438s] -- Symlinking: /home/abc/ws01_plumbing/install/base_interface/share/base_interface/cmake/base_interfaceConfig.cmake
[0.448s] -- Symlinking: /home/abc/ws01_plumbing/install/base_interface/share/base_interface/cmake/base_interfaceConfig-version.cmake
[0.457s] -- Symlinking: /home/abc/ws01_plumbing/install/base_interface/share/base_interface/package.xml
[0.469s] Invoked command in '/home/abc/ws01_plumbing/build/base_interface' returned '0': CMAKE_PREFIX_PATH=${CMAKE_PREFIX_PATH}:/home/abc/ws01_plumbing/install/py01_topic:/opt/ros/galactic /usr/bin/cmake --install /home/abc/ws01_plumbing/build/base_interface
