[0.630s] Invoking command in '/home/abc/ws01_plumbing/src/py01_topic': AMENT_PREFIX_PATH=/home/abc/ws01_plumbing/install/base_interface:${AMENT_PREFIX_PATH} CMAKE_PREFIX_PATH=/home/abc/ws01_plumbing/install/base_interface PYTHONPATH=/home/abc/ws01_plumbing/build/py01_topic/prefix_override:/home/abc/ws01_plumbing/install/py01_topic/lib/python3.8/site-packages:${PYTHONPATH} /usr/bin/python3 setup.py egg_info --egg-base ../../build/py01_topic build --build-base /home/abc/ws01_plumbing/build/py01_topic/build install --record /home/abc/ws01_plumbing/build/py01_topic/install.log --single-version-externally-managed
[0.801s] running egg_info
[0.801s] creating ../../build/py01_topic/py01_topic.egg-info
[0.801s] writing ../../build/py01_topic/py01_topic.egg-info/PKG-INFO
[0.801s] writing dependency_links to ../../build/py01_topic/py01_topic.egg-info/dependency_links.txt
[0.802s] writing entry points to ../../build/py01_topic/py01_topic.egg-info/entry_points.txt
[0.802s] writing requirements to ../../build/py01_topic/py01_topic.egg-info/requires.txt
[0.802s] writing top-level names to ../../build/py01_topic/py01_topic.egg-info/top_level.txt
[0.803s] writing manifest file '../../build/py01_topic/py01_topic.egg-info/SOURCES.txt'
[0.831s] reading manifest file '../../build/py01_topic/py01_topic.egg-info/SOURCES.txt'
[0.831s] writing manifest file '../../build/py01_topic/py01_topic.egg-info/SOURCES.txt'
[0.831s] running build
[0.832s] running build_py
[0.832s] creating /home/abc/ws01_plumbing/build/py01_topic/build
[0.832s] creating /home/abc/ws01_plumbing/build/py01_topic/build/lib
[0.832s] creating /home/abc/ws01_plumbing/build/py01_topic/build/lib/py01_topic
[0.832s] copying py01_topic/__init__.py -> /home/abc/ws01_plumbing/build/py01_topic/build/lib/py01_topic
[0.832s] running install
[0.832s] running install_lib
[0.833s] creating /home/abc/ws01_plumbing/install/py01_topic/lib/python3.8/site-packages/py01_topic
[0.833s] copying /home/abc/ws01_plumbing/build/py01_topic/build/lib/py01_topic/__init__.py -> /home/abc/ws01_plumbing/install/py01_topic/lib/python3.8/site-packages/py01_topic
[0.833s] byte-compiling /home/abc/ws01_plumbing/install/py01_topic/lib/python3.8/site-packages/py01_topic/__init__.py to __init__.cpython-38.pyc
[0.834s] running install_data
[0.835s] creating /home/abc/ws01_plumbing/install/py01_topic/share/ament_index
[0.835s] creating /home/abc/ws01_plumbing/install/py01_topic/share/ament_index/resource_index
[0.835s] creating /home/abc/ws01_plumbing/install/py01_topic/share/ament_index/resource_index/packages
[0.835s] copying resource/py01_topic -> /home/abc/ws01_plumbing/install/py01_topic/share/ament_index/resource_index/packages
[0.835s] copying package.xml -> /home/abc/ws01_plumbing/install/py01_topic/share/py01_topic
[0.835s] running install_egg_info
[0.836s] Copying ../../build/py01_topic/py01_topic.egg-info to /home/abc/ws01_plumbing/install/py01_topic/lib/python3.8/site-packages/py01_topic-0.0.0-py3.8.egg-info
[0.837s] running install_scripts
[0.851s] writing list of installed files to '/home/abc/ws01_plumbing/build/py01_topic/install.log'
[0.875s] Invoked command in '/home/abc/ws01_plumbing/src/py01_topic' returned '0': AMENT_PREFIX_PATH=/home/abc/ws01_plumbing/install/base_interface:${AMENT_PREFIX_PATH} CMAKE_PREFIX_PATH=/home/abc/ws01_plumbing/install/base_interface PYTHONPATH=/home/abc/ws01_plumbing/build/py01_topic/prefix_override:/home/abc/ws01_plumbing/install/py01_topic/lib/python3.8/site-packages:${PYTHONPATH} /usr/bin/python3 setup.py egg_info --egg-base ../../build/py01_topic build --build-base /home/abc/ws01_plumbing/build/py01_topic/build install --record /home/abc/ws01_plumbing/build/py01_topic/install.log --single-version-externally-managed
